6.9162 	DEBUG 	Fullscreen settings ignored as running in pilot mode.
6.9171 	INFO 	Loaded monitor calibration from ['2025_02_27 13:12']
7.2416 	EXP 	Created window1 = Window(allowGUI=False, allowStencil=False, autoLog=True, backendConf=UNKNOWN, backgroundFit=<method-wrapper '__getattribute__' of attributeSetter object at 0x000001EBEA396410>, backgroundImage=<method-wrapper '__getattribute__' of attributeSetter object at 0x000001EBEA3963B0>, bitsMode=UNKNOWN, blendMode='avg', bpc=(8, 8, 8), color=array([-1., -1., -1.]), colorSpace='rgb', depthBits=8, fullscr=False, gamma=None, gammaErrorPolicy='raise', infoMsg=UNKNOWN, lms=UNKNOWN, monitor=<psychopy.monitors.calibTools.Monitor object at 0x000001EBEA461210>, multiSample=False, name='window1', numSamples=2, pos=[880.0, 500.0], screen=0, size=array([800, 600]), stencilBits=0, stereo=False, title='PsychoPy', units='height', useFBO=True, useRetina=False, viewOri=0.0, viewPos=None, viewScale=None, waitBlanking=True, winType='pyglet')
7.2416 	EXP 	window1: backgroundImage = ''
7.2417 	EXP 	window1: backgroundFit = 'none'
7.2500 	DEBUG 	TextBox2 loaded 1 chars with 0 blanks and 1 valid
7.2508 	DEBUG 	TextBox2 loaded 1 chars with 0 blanks and 1 valid
7.2516 	DEBUG 	TextBox2 loaded 1 chars with 0 blanks and 1 valid
7.2525 	DEBUG 	TextBox2 loaded 1 chars with 0 blanks and 1 valid
7.2535 	DEBUG 	TextBox2 loaded 1 chars with 0 blanks and 1 valid
7.2540 	DEBUG 	TextBox2 loaded 1 chars with 0 blanks and 1 valid
7.2548 	DEBUG 	TextBox2 loaded 1 chars with 0 blanks and 1 valid
7.2557 	DEBUG 	TextBox2 loaded 1 chars with 0 blanks and 1 valid
7.2560 	DEBUG 	TextBox2 loaded 1 chars with 0 blanks and 1 valid
7.2564 	DEBUG 	TextBox2 loaded 1 chars with 0 blanks and 1 valid
7.2571 	DEBUG 	TextBox2 loaded 1 chars with 0 blanks and 1 valid
7.2579 	DEBUG 	TextBox2 loaded 1 chars with 0 blanks and 1 valid
7.2587 	DEBUG 	TextBox2 loaded 1 chars with 0 blanks and 1 valid
7.2600 	DEBUG 	TextBox2 loaded 1 chars with 0 blanks and 1 valid
7.2608 	DEBUG 	TextBox2 loaded 1 chars with 0 blanks and 1 valid
7.2616 	DEBUG 	TextBox2 loaded 1 chars with 0 blanks and 1 valid
7.2624 	DEBUG 	TextBox2 loaded 1 chars with 0 blanks and 1 valid
7.2629 	DEBUG 	TextBox2 loaded 1 chars with 0 blanks and 1 valid
7.2634 	DEBUG 	TextBox2 loaded 1 chars with 0 blanks and 1 valid
7.2643 	DEBUG 	TextBox2 loaded 1 chars with 0 blanks and 1 valid
7.2648 	DEBUG 	TextBox2 loaded 1 chars with 0 blanks and 1 valid
7.2652 	DEBUG 	Uploading Texture Font fontname to graphics card
7.2712 	DEBUG 	Upload of Texture Font fontname complete
7.2790 	DEBUG 	TextBox2 loaded 1 chars with 0 blanks and 1 valid
7.2800 	DEBUG 	TextBox2 loaded 1 chars with 0 blanks and 1 valid
7.2810 	DEBUG 	TextBox2 loaded 1 chars with 0 blanks and 1 valid
7.2813 	DEBUG 	Uploading Texture Font fontname to graphics card
7.2861 	DEBUG 	Upload of Texture Font fontname complete
7.2883 	EXP 	window1: Attempting to measure frame rate of screen (0) ...
7.2883 	EXP 	window1: recordFrameIntervals = False
7.4610 	EXP 	window1: recordFrameIntervals = True
7.6445 	EXP 	Screen (0) actual frame rate measured at 60.07Hz
7.6446 	EXP 	window1: recordFrameIntervals = False
7.6504 	DEBUG 	TextBox2 loaded 1 chars with 0 blanks and 1 valid
7.6510 	DEBUG 	TextBox2 loaded 1 chars with 0 blanks and 1 valid
7.6518 	DEBUG 	TextBox2 loaded 1 chars with 0 blanks and 1 valid
7.6529 	DEBUG 	TextBox2 loaded 1 chars with 0 blanks and 1 valid
7.6538 	DEBUG 	TextBox2 loaded 1 chars with 0 blanks and 1 valid
7.6548 	DEBUG 	TextBox2 loaded 1 chars with 0 blanks and 1 valid
7.6553 	DEBUG 	TextBox2 loaded 1 chars with 0 blanks and 1 valid
7.6562 	DEBUG 	TextBox2 loaded 1 chars with 0 blanks and 1 valid
7.6571 	DEBUG 	TextBox2 loaded 1 chars with 0 blanks and 1 valid
7.6580 	DEBUG 	TextBox2 loaded 1 chars with 0 blanks and 1 valid
7.6585 	DEBUG 	Uploading Texture Font fontname to graphics card
7.6591 	DEBUG 	Upload of Texture Font fontname complete
7.6743 	WARNING 	launchHubServer: If using the iohub mouse or eyetracker devices, fullScr should be True.
10.9701 	INFO 	keyboard.Keyboard is using iohub backend.
10.9702 	INFO 	keyboard.Keyboard is using iohub backend.
10.9702 	INFO 	keyboard.Keyboard is using iohub backend.
10.9702 	INFO 	keyboard.Keyboard is using iohub backend.
10.9702 	EXP 	Sternberg: status = STARTED
11.0729 	EXP 	Created WelcomeText = TextStim(__class__=<class 'psychopy.visual.text.TextStim'>, alignHoriz=method-wrapper(...), alignText='center', alignVert=method-wrapper(...), anchorHoriz='center', anchorVert='center', antialias=True, autoDraw=False, autoLog=True, bold=False, color=array([1., 1., 1.]), colorSpace='rgb', contrast=1.0, depth=0.0, draggable=False, flipHoriz=False, flipVert=False, font='Arial', fontFiles=[], height=0.1, italic=False, languageStyle='LTR', name='WelcomeText', opacity=1, ori=0.0, pos=array([0., 0.]), rgb=UNKNOWN, text=str(...), units='height', win=Window(...), wrapWidth=1)
11.0870 	EXP 	Created text_norm = TextStim(__class__=<class 'psychopy.visual.text.TextStim'>, alignHoriz=method-wrapper(...), alignText='center', alignVert=method-wrapper(...), anchorHoriz='center', anchorVert='center', antialias=True, autoDraw=False, autoLog=True, bold=False, color=array([1., 1., 1.]), colorSpace='rgb', contrast=1.0, depth=0.0, draggable=False, flipHoriz=False, flipVert=False, font='Arial', fontFiles=[], height=0.1, italic=False, languageStyle='LTR', name='text_norm', opacity=1, ori=0.0, pos=array([0., 0.]), rgb=UNKNOWN, text=str(...), units='norm', win=Window(...), wrapWidth=1.8)
11.0913 	EXP 	Created text_2 = TextStim(__class__=<class 'psychopy.visual.text.TextStim'>, alignHoriz=method-wrapper(...), alignText='center', alignVert=method-wrapper(...), anchorHoriz='center', anchorVert='center', antialias=True, autoDraw=False, autoLog=True, bold=False, color=array([1., 1., 1.]), colorSpace='rgb', contrast=1.0, depth=-3.0, draggable=False, flipHoriz=False, flipVert=False, font='Arial', fontFiles=[], height=0.05, italic=False, languageStyle='LTR', name='text_2', opacity=1, ori=0.0, pos=array([0., 0.]), rgb=UNKNOWN, text='Any text\n\nincluding line breaks', units='height', win=Window(...), wrapWidth=1)
11.0946 	EXP 	Created Cross_Fixation = ShapeStim(__class__=<class 'psychopy.visual.shape.ShapeStim'>, anchor=('center', 'center'), autoDraw=False, autoLog=True, closeShape=True, color=method-wrapper(...), colorSpace='rgb', contrast=None, depth=0.0, draggable=False, fillColor=array([1, 1, 1]), fillColorSpace='rgb', fillRGB=array([1, 1, 1]), interpolate=True, lineColor=array([1., 1., 1.]), lineColorSpace='rgb', lineRGB=array([1, 1, 1]), lineWidth=0.05, name='Cross_Fixation', opacity=1, ori=0.0, pos=array([0., 0.]), size=array([0.5, 0.5]), units='height', vertices=ndarray(...), win=Window(...), windingRule=None)
11.0977 	EXP 	Created letter_display = TextStim(__class__=<class 'psychopy.visual.text.TextStim'>, alignHoriz=method-wrapper(...), alignText='center', alignVert=method-wrapper(...), anchorHoriz='center', anchorVert='center', antialias=True, autoDraw=False, autoLog=True, bold=False, color=array([1., 1., 1.]), colorSpace='rgb', contrast=1.0, depth=-1.0, draggable=False, flipHoriz=False, flipVert=False, font='Arial', fontFiles=[], height=0.05, italic=False, languageStyle='LTR', name='letter_display', opacity=1, ori=0.0, pos=array([0., 0.]), rgb=UNKNOWN, text='error: text not properly updated', units='height', win=Window(...), wrapWidth=1)
11.0991 	EXP 	Created image = ImageStim(__class__=<class 'psychopy.visual.image.ImageStim'>, anchor=('center', 'center'), autoLog=True, color=array([-1., -1., -1.]), colorSpace='rgb', contrast=1.0, depth=0.0, draggable=False, flipHoriz=False, flipVert=False, image=None, interpolate=True, mask=None, maskParams=None, name='image', opacity=1, ori=0.0, pos=array([0., 0.]), size=array([0.5, 0.5]), texRes=128.0, units='height', win=Window(...))
11.1011 	EXP 	Created rt_fb = TextStim(__class__=<class 'psychopy.visual.text.TextStim'>, alignHoriz=method-wrapper(...), alignText='center', alignVert=method-wrapper(...), anchorHoriz='center', anchorVert='center', antialias=True, autoDraw=False, autoLog=True, bold=False, color=array([1., 1., 1.]), colorSpace='rgb', contrast=1.0, depth=-1.0, draggable=False, flipHoriz=False, flipVert=False, font='Open Sans', fontFiles=[], height=0.1, italic=False, languageStyle='LTR', name='rt_fb', opacity=1, ori=0.0, pos=array([0., 0.]), rgb=UNKNOWN, text='', units='height', win=Window(...), wrapWidth=1)
11.2281 	DEBUG 	Saving data for Sternberg ExperimentHandler
11.2290 	INFO 	saved data to C:\Users\04Ben\OneDrive\Desktop\Sternberg_2\data/004410_Sternberg_2025-03-18_14h29.39.921.psydat
11.2298 	INFO 	saved data to 'C:\\Users\\04Ben\\OneDrive\\Desktop\\Sternberg_2\\data/004410_Sternberg_2025-03-18_14h29.39.921.csv'
