6.4446 	DEBUG 	Fullscreen settings ignored as running in pilot mode.
6.4451 	INFO 	Loaded monitor calibration from ['2025_02_28 17:16']
6.8661 	EXP 	Created window1 = Window(allowGUI=False, allowStencil=False, autoLog=True, backendConf=UNKNOWN, backgroundFit=<method-wrapper '__getattribute__' of attributeSetter object at 0x00000205D13E7520>, backgroundImage=<method-wrapper '__getattribute__' of attributeSetter object at 0x00000205D13E74C0>, bitsMode=UNKNOWN, blendMode='avg', bpc=(8, 8, 8), color=array([0, 0, 0]), colorSpace='rgb', depthBits=8, fullscr=False, gamma=None, gammaErrorPolicy='raise', infoMsg=UNKNOWN, lms=UNKNOWN, monitor=<psychopy.monitors.calibTools.Monitor object at 0x00000205D19A0B20>, multiSample=False, name='window1', numSamples=2, pos=[880.0, 420.0], screen=0, size=array([800, 600]), stencilBits=0, stereo=False, title='PsychoPy', units='height', useFBO=True, useRetina=False, viewOri=0.0, viewPos=None, viewScale=None, waitBlanking=True, winType='pyglet')
6.8662 	EXP 	window1: backgroundImage = ''
6.8662 	EXP 	window1: backgroundFit = 'none'
6.8835 	DEBUG 	TextBox2 loaded 1 chars with 0 blanks and 1 valid
6.8840 	DEBUG 	TextBox2 loaded 1 chars with 0 blanks and 1 valid
6.8846 	DEBUG 	TextBox2 loaded 1 chars with 0 blanks and 1 valid
6.8854 	DEBUG 	TextBox2 loaded 1 chars with 0 blanks and 1 valid
6.8860 	DEBUG 	TextBox2 loaded 1 chars with 0 blanks and 1 valid
6.8864 	DEBUG 	TextBox2 loaded 1 chars with 0 blanks and 1 valid
6.8868 	DEBUG 	TextBox2 loaded 1 chars with 0 blanks and 1 valid
6.8875 	DEBUG 	TextBox2 loaded 1 chars with 0 blanks and 1 valid
6.8877 	DEBUG 	TextBox2 loaded 1 chars with 0 blanks and 1 valid
6.8879 	DEBUG 	TextBox2 loaded 1 chars with 0 blanks and 1 valid
6.8884 	DEBUG 	TextBox2 loaded 1 chars with 0 blanks and 1 valid
6.8889 	DEBUG 	TextBox2 loaded 1 chars with 0 blanks and 1 valid
6.8894 	DEBUG 	TextBox2 loaded 1 chars with 0 blanks and 1 valid
6.8898 	DEBUG 	TextBox2 loaded 1 chars with 0 blanks and 1 valid
6.8902 	DEBUG 	TextBox2 loaded 1 chars with 0 blanks and 1 valid
6.8907 	DEBUG 	TextBox2 loaded 1 chars with 0 blanks and 1 valid
6.8912 	DEBUG 	TextBox2 loaded 1 chars with 0 blanks and 1 valid
6.8915 	DEBUG 	TextBox2 loaded 1 chars with 0 blanks and 1 valid
6.8918 	DEBUG 	TextBox2 loaded 1 chars with 0 blanks and 1 valid
6.8926 	DEBUG 	TextBox2 loaded 1 chars with 0 blanks and 1 valid
6.8932 	DEBUG 	TextBox2 loaded 1 chars with 0 blanks and 1 valid
6.8940 	DEBUG 	Uploading Texture Font fontname to graphics card
6.8948 	DEBUG 	Upload of Texture Font fontname complete
6.8987 	DEBUG 	TextBox2 loaded 1 chars with 0 blanks and 1 valid
6.8995 	DEBUG 	TextBox2 loaded 1 chars with 0 blanks and 1 valid
6.9002 	DEBUG 	TextBox2 loaded 1 chars with 0 blanks and 1 valid
6.9003 	DEBUG 	Uploading Texture Font fontname to graphics card
6.9007 	DEBUG 	Upload of Texture Font fontname complete
6.9023 	EXP 	window1: Attempting to measure frame rate of screen (0) ...
6.9023 	EXP 	window1: recordFrameIntervals = False
7.0185 	EXP 	window1: recordFrameIntervals = True
7.0642 	EXP 	Screen (0) actual frame rate measured at 244.80Hz
7.0642 	EXP 	window1: recordFrameIntervals = False
7.0671 	DEBUG 	TextBox2 loaded 1 chars with 0 blanks and 1 valid
7.0675 	DEBUG 	TextBox2 loaded 1 chars with 0 blanks and 1 valid
7.0681 	DEBUG 	TextBox2 loaded 1 chars with 0 blanks and 1 valid
7.0688 	DEBUG 	TextBox2 loaded 1 chars with 0 blanks and 1 valid
7.0695 	DEBUG 	TextBox2 loaded 1 chars with 0 blanks and 1 valid
7.0702 	DEBUG 	TextBox2 loaded 1 chars with 0 blanks and 1 valid
7.0706 	DEBUG 	TextBox2 loaded 1 chars with 0 blanks and 1 valid
7.0712 	DEBUG 	TextBox2 loaded 1 chars with 0 blanks and 1 valid
7.0719 	DEBUG 	TextBox2 loaded 1 chars with 0 blanks and 1 valid
7.0725 	DEBUG 	TextBox2 loaded 1 chars with 0 blanks and 1 valid
7.0727 	DEBUG 	Uploading Texture Font fontname to graphics card
7.0732 	DEBUG 	Upload of Texture Font fontname complete
7.1013 	WARNING 	launchHubServer: If using the iohub mouse or eyetracker devices, fullScr should be True.
8.6230 	INFO 	keyboard.Keyboard is using iohub backend.
8.6230 	INFO 	keyboard.Keyboard is using iohub backend.
8.6230 	EXP 	Sternberg: status = STARTED
9.0357 	EXP 	Created WelcomeText = TextStim(__class__=<class 'psychopy.visual.text.TextStim'>, alignHoriz=method-wrapper(...), alignText='center', alignVert=method-wrapper(...), anchorHoriz='center', anchorVert='center', antialias=True, autoDraw=False, autoLog=True, bold=False, color=array([-1., -1., -1.]), colorSpace='rgb', contrast=1.0, depth=0.0, draggable=False, flipHoriz=False, flipVert=False, font='Arial', fontFiles=[], height=0.5, italic=False, languageStyle='LTR', name='WelcomeText', opacity=1, ori=0.0, pos=array([0., 0.]), rgb=UNKNOWN, text=str(...), units='height', win=Window(...), wrapWidth=1)
9.0452 	EXP 	Created text_instr = TextStim(__class__=<class 'psychopy.visual.text.TextStim'>, alignHoriz=method-wrapper(...), alignText='center', alignVert=method-wrapper(...), anchorHoriz='center', anchorVert='center', antialias=True, autoDraw=False, autoLog=True, bold=False, color=array([1., 1., 1.]), colorSpace='rgb', contrast=1.0, depth=0.0, draggable=False, flipHoriz=False, flipVert=False, font='Arial', fontFiles=[], height=0.04, italic=False, languageStyle='LTR', name='text_instr', opacity=1, ori=0.0, pos=array([-0.3 ,  0.25]), rgb=UNKNOWN, text=str(...), units='height', win=Window(...), wrapWidth=1)
9.0458 	DEPRECATION 	Couldn't find image instruct1.png; check path? (tried: C:\Users\Ben\Desktop\instruct1.png)
9.0749 	DEBUG 	Saving data for Sternberg ExperimentHandler
9.0753 	INFO 	saved data to C:\Users\Ben\Desktop\data/116459_Sternberg_2025-03-06_12h00.20.403.psydat
9.0757 	INFO 	saved data to 'C:\\Users\\Ben\\Desktop\\data/116459_Sternberg_2025-03-06_12h00.20.403.csv'
