8.6015 	DEBUG 	Fullscreen settings ignored as running in pilot mode.
8.6023 	INFO 	Loaded monitor calibration from ['2025_02_27 13:12']
9.4713 	EXP 	Created window1 = Window(allowGUI=False, allowStencil=False, autoLog=True, backendConf=UNKNOWN, backgroundFit=<method-wrapper '__getattribute__' of attributeSetter object at 0x0000020DD7E0E020>, backgroundImage=<method-wrapper '__getattribute__' of attributeSetter object at 0x0000020DD7E0DFC0>, bitsMode=UNKNOWN, blendMode='avg', bpc=(8, 8, 8), color=array([0, 0, 0]), colorSpace='rgb', depthBits=8, fullscr=False, gamma=None, gammaErrorPolicy='raise', infoMsg=UNKNOWN, lms=UNKNOWN, monitor=<psychopy.monitors.calibTools.Monitor object at 0x0000020DD7E9ABC0>, multiSample=False, name='window1', numSamples=2, pos=[880.0, 500.0], screen=0, size=array([800, 600]), stencilBits=0, stereo=False, title='PsychoPy', units='height', useFBO=True, useRetina=False, viewOri=0.0, viewPos=None, viewScale=None, waitBlanking=True, winType='pyglet')
9.4714 	EXP 	window1: backgroundImage = ''
9.4714 	EXP 	window1: backgroundFit = 'none'
9.4840 	DEBUG 	TextBox2 loaded 1 chars with 0 blanks and 1 valid
9.4847 	DEBUG 	TextBox2 loaded 1 chars with 0 blanks and 1 valid
9.4855 	DEBUG 	TextBox2 loaded 1 chars with 0 blanks and 1 valid
9.4864 	DEBUG 	TextBox2 loaded 1 chars with 0 blanks and 1 valid
9.4879 	DEBUG 	TextBox2 loaded 1 chars with 0 blanks and 1 valid
9.4885 	DEBUG 	TextBox2 loaded 1 chars with 0 blanks and 1 valid
9.4892 	DEBUG 	TextBox2 loaded 1 chars with 0 blanks and 1 valid
9.4901 	DEBUG 	TextBox2 loaded 1 chars with 0 blanks and 1 valid
9.4905 	DEBUG 	TextBox2 loaded 1 chars with 0 blanks and 1 valid
9.4909 	DEBUG 	TextBox2 loaded 1 chars with 0 blanks and 1 valid
9.4917 	DEBUG 	TextBox2 loaded 1 chars with 0 blanks and 1 valid
9.4924 	DEBUG 	TextBox2 loaded 1 chars with 0 blanks and 1 valid
9.4930 	DEBUG 	TextBox2 loaded 1 chars with 0 blanks and 1 valid
9.4940 	DEBUG 	TextBox2 loaded 1 chars with 0 blanks and 1 valid
9.4947 	DEBUG 	TextBox2 loaded 1 chars with 0 blanks and 1 valid
9.4954 	DEBUG 	TextBox2 loaded 1 chars with 0 blanks and 1 valid
9.4961 	DEBUG 	TextBox2 loaded 1 chars with 0 blanks and 1 valid
9.4966 	DEBUG 	TextBox2 loaded 1 chars with 0 blanks and 1 valid
9.4971 	DEBUG 	TextBox2 loaded 1 chars with 0 blanks and 1 valid
9.4980 	DEBUG 	TextBox2 loaded 1 chars with 0 blanks and 1 valid
9.4984 	DEBUG 	TextBox2 loaded 1 chars with 0 blanks and 1 valid
9.5010 	DEBUG 	Uploading Texture Font fontname to graphics card
9.5413 	DEBUG 	Upload of Texture Font fontname complete
9.5479 	DEBUG 	TextBox2 loaded 1 chars with 0 blanks and 1 valid
9.5490 	DEBUG 	TextBox2 loaded 1 chars with 0 blanks and 1 valid
9.5499 	DEBUG 	TextBox2 loaded 1 chars with 0 blanks and 1 valid
9.5501 	DEBUG 	Uploading Texture Font fontname to graphics card
9.5663 	DEBUG 	Upload of Texture Font fontname complete
9.5682 	EXP 	window1: Attempting to measure frame rate of screen (0) ...
9.5682 	EXP 	window1: recordFrameIntervals = False
9.7479 	EXP 	window1: recordFrameIntervals = True
9.9314 	EXP 	Screen (0) actual frame rate measured at 60.03Hz
9.9315 	EXP 	window1: recordFrameIntervals = False
9.9409 	DEBUG 	TextBox2 loaded 1 chars with 0 blanks and 1 valid
9.9415 	DEBUG 	TextBox2 loaded 1 chars with 0 blanks and 1 valid
9.9424 	DEBUG 	TextBox2 loaded 1 chars with 0 blanks and 1 valid
9.9435 	DEBUG 	TextBox2 loaded 1 chars with 0 blanks and 1 valid
9.9450 	DEBUG 	TextBox2 loaded 1 chars with 0 blanks and 1 valid
9.9460 	DEBUG 	TextBox2 loaded 1 chars with 0 blanks and 1 valid
9.9466 	DEBUG 	TextBox2 loaded 1 chars with 0 blanks and 1 valid
9.9475 	DEBUG 	TextBox2 loaded 1 chars with 0 blanks and 1 valid
9.9484 	DEBUG 	TextBox2 loaded 1 chars with 0 blanks and 1 valid
9.9493 	DEBUG 	TextBox2 loaded 1 chars with 0 blanks and 1 valid
9.9497 	DEBUG 	Uploading Texture Font fontname to graphics card
9.9502 	DEBUG 	Upload of Texture Font fontname complete
10.0466 	WARNING 	launchHubServer: If using the iohub mouse or eyetracker devices, fullScr should be True.
13.5571 	INFO 	keyboard.Keyboard is using iohub backend.
13.5572 	INFO 	keyboard.Keyboard is using iohub backend.
13.5572 	INFO 	keyboard.Keyboard is using iohub backend.
13.5573 	EXP 	Sternberg: status = STARTED
13.8601 	EXP 	Created WelcomeText = TextStim(__class__=<class 'psychopy.visual.text.TextStim'>, alignHoriz=method-wrapper(...), alignText='center', alignVert=method-wrapper(...), anchorHoriz='center', anchorVert='center', antialias=True, autoDraw=False, autoLog=True, bold=False, color=array([-1., -1., -1.]), colorSpace='rgb', contrast=1.0, depth=0.0, draggable=False, flipHoriz=False, flipVert=False, font='Arial', fontFiles=[], height=0.1, italic=False, languageStyle='LTR', name='WelcomeText', opacity=1, ori=0.0, pos=array([0., 0.]), rgb=UNKNOWN, text=str(...), units='height', win=Window(...), wrapWidth=1)
13.8817 	EXP 	Created text_norm = TextStim(__class__=<class 'psychopy.visual.text.TextStim'>, alignHoriz=method-wrapper(...), alignText='center', alignVert=method-wrapper(...), anchorHoriz='center', anchorVert='center', antialias=True, autoDraw=False, autoLog=True, bold=False, color=array([-1., -1., -1.]), colorSpace='rgb', contrast=1.0, depth=0.0, draggable=False, flipHoriz=False, flipVert=False, font='Arial', fontFiles=[], height=0.1, italic=False, languageStyle='LTR', name='text_norm', opacity=1, ori=0.0, pos=array([0., 0.]), rgb=UNKNOWN, text=str(...), units='norm', win=Window(...), wrapWidth=1.8)
13.8858 	EXP 	Created Cross_Fixation = ShapeStim(__class__=<class 'psychopy.visual.shape.ShapeStim'>, anchor=('center', 'center'), autoDraw=False, autoLog=True, closeShape=True, color=method-wrapper(...), colorSpace='rgb', contrast=None, depth=0.0, draggable=False, fillColor=array([1, 1, 1]), fillColorSpace='rgb', fillRGB=array([1, 1, 1]), interpolate=True, lineColor=array([1., 1., 1.]), lineColorSpace='rgb', lineRGB=array([1, 1, 1]), lineWidth=0.05, name='Cross_Fixation', opacity=1, ori=0.0, pos=array([0., 0.]), size=array([0.5, 0.5]), units='height', vertices=ndarray(...), win=Window(...), windingRule=None)
13.8868 	EXP 	Created letter_stimulus = TextStim(__class__=<class 'psychopy.visual.text.TextStim'>, alignHoriz=method-wrapper(...), alignText='center', alignVert=method-wrapper(...), anchorHoriz='center', anchorVert='center', antialias=True, autoDraw=False, autoLog=True, bold=False, color=array([-1., -1., -1.]), colorSpace='rgb', contrast=1.0, depth=0.0, draggable=False, flipHoriz=False, flipVert=False, font='Arial', fontFiles=[], height=0.05, italic=False, languageStyle='LTR', name='letter_stimulus', opacity=1, ori=0.0, pos=array([0., 0.]), rgb=UNKNOWN, text='', units='height', win=Window(...), wrapWidth=1)
13.8903 	EXP 	Created image = ImageStim(__class__=<class 'psychopy.visual.image.ImageStim'>, anchor=('center', 'center'), autoLog=True, color=array([-1., -1., -1.]), colorSpace='rgb', contrast=1.0, depth=0.0, draggable=False, flipHoriz=False, flipVert=False, image=None, interpolate=True, mask=None, maskParams=None, name='image', opacity=1, ori=0.0, pos=array([0., 0.]), size=array([0.5, 0.5]), texRes=128.0, units='height', win=Window(...))
0.0047 	EXP 	text_norm: alignText = 'left'
0.0221 	INFO 	Keyboard events cleared
0.0218 	EXP 	WelcomeText: autoDraw = True
4.5136 	DATA 	Keypress: comma
4.5220 	INFO 	Keyboard events cleared
4.5217 	EXP 	WelcomeText: autoDraw = False
4.5217 	EXP 	text_norm: autoDraw = True
4.5217 	EXP 	text_norm: height = 0.1
4.5217 	EXP 	text_norm: height = 0.1
4.5217 	EXP 	text_norm: height = 0.1
4.5217 	EXP 	text_norm: text = 'Welcome to the Experiment!\nThis memory based test is known as the Sternberg Task.\nThis task is broken into five distinct sections.'
7.9454 	DATA 	Keypress: comma
7.9555 	EXP 	text_norm: autoDraw = False
7.9555 	EXP 	Cross_Fixation: autoDraw = True
17.9553 	EXP 	Cross_Fixation: autoDraw = False
17.9553 	EXP 	Cross_Fixation: autoDraw = False
17.9553 	EXP 	letter_stimulus: autoDraw = True
18.9554 	EXP 	letter_stimulus: autoDraw = False
18.9554 	EXP 	letter_stimulus: autoDraw = False
18.9554 	EXP 	image: autoDraw = True
21.9565 	EXP 	image: autoDraw = False
21.9565 	EXP 	image: autoDraw = False
21.9609 	EXP 	Sternberg: status = STOPPED
22.0196 	INFO 	saved data to 'C:\\Users\\04Ben\\OneDrive\\Desktop\\Sternberg\\data/195163_Sternberg_2025-03-10_12h23.04.770.csv'
22.0213 	INFO 	saved data to C:\Users\04Ben\OneDrive\Desktop\Sternberg\data/195163_Sternberg_2025-03-10_12h23.04.770.psydat
22.6810 	DEBUG 	Saving data for Sternberg ExperimentHandler
