3.1619 	INFO 	Loaded monitor calibration from ['2025_02_28 17:16']
3.1678 	WARNING 	User requested fullscreen with size [1024  768], but screen is actually [2560, 1440]. Using actual size
3.3693 	EXP 	Created window1 = Window(allowGUI=False, allowStencil=False, autoLog=True, backendConf=UNKNOWN, backgroundFit=<method-wrapper '__getattribute__' of attributeSetter object at 0x000002BC36A336D0>, backgroundImage=<method-wrapper '__getattribute__' of attributeSetter object at 0x000002BC36A33670>, bitsMode=UNKNOWN, blendMode='avg', bpc=(8, 8, 8), color=array([0, 0, 0]), colorSpace='rgb', depthBits=8, fullscr=True, gamma=None, gammaErrorPolicy='raise', infoMsg=UNKNOWN, lms=UNKNOWN, monitor=<psychopy.monitors.calibTools.Monitor object at 0x000002BC36AFCCA0>, multiSample=False, name='window1', numSamples=2, pos=[0.0, 0.0], screen=0, size=array([2560, 1440]), stencilBits=0, stereo=False, title='PsychoPy', units='height', useFBO=True, useRetina=False, viewOri=0.0, viewPos=None, viewScale=None, waitBlanking=True, winType='pyglet')
3.3694 	EXP 	window1: backgroundImage = ''
3.3694 	EXP 	window1: backgroundFit = 'none'
3.4195 	EXP 	window1: Attempting to measure frame rate of screen (0) ...
3.4195 	EXP 	window1: recordFrameIntervals = False
3.5286 	EXP 	window1: recordFrameIntervals = True
3.5473 	EXP 	Screen (0) actual frame rate measured at 616.70Hz
3.5473 	EXP 	window1: recordFrameIntervals = False
4.3905 	INFO 	keyboard.Keyboard is using iohub backend.
4.3906 	INFO 	keyboard.Keyboard is using iohub backend.
4.3906 	INFO 	keyboard.Keyboard is using iohub backend.
4.3906 	EXP 	Sternberg: status = STARTED
4.4268 	EXP 	Created WelcomeText = TextStim(__class__=<class 'psychopy.visual.text.TextStim'>, alignHoriz=method-wrapper(...), alignText='center', alignVert=method-wrapper(...), anchorHoriz='center', anchorVert='center', antialias=True, autoDraw=False, autoLog=True, bold=False, color=array([-1., -1., -1.]), colorSpace='rgb', contrast=1.0, depth=0.0, draggable=False, flipHoriz=False, flipVert=False, font='Arial', fontFiles=[], height=0.1, italic=False, languageStyle='LTR', name='WelcomeText', opacity=1, ori=0.0, pos=array([0., 0.]), rgb=UNKNOWN, text=str(...), units='height', win=Window(...), wrapWidth=1)
4.4457 	EXP 	Created text_norm = TextStim(__class__=<class 'psychopy.visual.text.TextStim'>, alignHoriz=method-wrapper(...), alignText='center', alignVert=method-wrapper(...), anchorHoriz='center', anchorVert='center', antialias=True, autoDraw=False, autoLog=True, bold=False, color=array([-1., -1., -1.]), colorSpace='rgb', contrast=1.0, depth=0.0, draggable=False, flipHoriz=False, flipVert=False, font='Arial', fontFiles=[], height=0.1, italic=False, languageStyle='LTR', name='text_norm', opacity=1, ori=0.0, pos=array([0., 0.]), rgb=UNKNOWN, text=str(...), units='norm', win=Window(...), wrapWidth=1.8)
0.0009 	EXP 	text_norm: alignText = 'left'
0.0029 	INFO 	Keyboard events cleared
0.0028 	EXP 	WelcomeText: autoDraw = True
3.5615 	DATA 	Keypress: 1
3.5625 	INFO 	Keyboard events cleared
3.5623 	EXP 	WelcomeText: autoDraw = False
3.5623 	EXP 	text_norm: autoDraw = True
3.5623 	EXP 	text_norm: height = 0.1
3.5623 	EXP 	text_norm: height = 0.1
3.5623 	EXP 	text_norm: height = 0.1
3.5623 	EXP 	text_norm: text = 'Any text\n\nincluding line breaks\n\nThis text component is white, so change the colour if you have a white background. It does not save the onset and offset time, but has been left justified with a wrap width of 1.8 norm units.\n\nPress the spacebar to continue'
7.9093 	DATA 	Keypress: 1
7.9127 	EXP 	text_norm: autoDraw = False
7.9129 	EXP 	Sternberg: status = STOPPED
7.9144 	INFO 	saved data to 'C:\\Users\\Ben\\Desktop\\Sternberg\\data/301882_Sternberg_2025-03-06_12h08.41.853.csv'
7.9148 	INFO 	saved data to C:\Users\Ben\Desktop\Sternberg\data/301882_Sternberg_2025-03-06_12h08.41.853.psydat
