7.9670 	DEBUG 	Fullscreen settings ignored as running in pilot mode.
7.9682 	INFO 	Loaded monitor calibration from ['2025_02_27 13:12']
9.6071 	EXP 	Created window1 = Window(allowGUI=False, allowStencil=False, autoLog=True, backendConf=UNKNOWN, backgroundFit=<method-wrapper '__getattribute__' of attributeSetter object at 0x000002C5D5F909A0>, backgroundImage=<method-wrapper '__getattribute__' of attributeSetter object at 0x000002C5D5F90970>, bitsMode=UNKNOWN, blendMode='avg', bpc=(8, 8, 8), color=array([0, 0, 0]), colorSpace='rgb', depthBits=8, fullscr=False, gamma=None, gammaErrorPolicy='raise', infoMsg=UNKNOWN, lms=UNKNOWN, monitor=<psychopy.monitors.calibTools.Monitor object at 0x000002C5DF373F40>, multiSample=False, name='window1', numSamples=2, pos=[880.0, 500.0], screen=0, size=array([800, 600]), stencilBits=0, stereo=False, title='PsychoPy', units='height', useFBO=True, useRetina=False, viewOri=0.0, viewPos=None, viewScale=None, waitBlanking=True, winType='pyglet')
9.6072 	EXP 	window1: backgroundImage = ''
9.6072 	EXP 	window1: backgroundFit = 'none'
9.6299 	DEBUG 	TextBox2 loaded 1 chars with 0 blanks and 1 valid
9.6305 	DEBUG 	TextBox2 loaded 1 chars with 0 blanks and 1 valid
9.6310 	DEBUG 	TextBox2 loaded 1 chars with 0 blanks and 1 valid
9.6317 	DEBUG 	TextBox2 loaded 1 chars with 0 blanks and 1 valid
9.6323 	DEBUG 	TextBox2 loaded 1 chars with 0 blanks and 1 valid
9.6327 	DEBUG 	TextBox2 loaded 1 chars with 0 blanks and 1 valid
9.6331 	DEBUG 	TextBox2 loaded 1 chars with 0 blanks and 1 valid
9.6338 	DEBUG 	TextBox2 loaded 1 chars with 0 blanks and 1 valid
9.6340 	DEBUG 	TextBox2 loaded 1 chars with 0 blanks and 1 valid
9.6343 	DEBUG 	TextBox2 loaded 1 chars with 0 blanks and 1 valid
9.6348 	DEBUG 	TextBox2 loaded 1 chars with 0 blanks and 1 valid
9.6353 	DEBUG 	TextBox2 loaded 1 chars with 0 blanks and 1 valid
9.6357 	DEBUG 	TextBox2 loaded 1 chars with 0 blanks and 1 valid
9.6362 	DEBUG 	TextBox2 loaded 1 chars with 0 blanks and 1 valid
9.6367 	DEBUG 	TextBox2 loaded 1 chars with 0 blanks and 1 valid
9.6372 	DEBUG 	TextBox2 loaded 1 chars with 0 blanks and 1 valid
9.6377 	DEBUG 	TextBox2 loaded 1 chars with 0 blanks and 1 valid
9.6380 	DEBUG 	TextBox2 loaded 1 chars with 0 blanks and 1 valid
9.6383 	DEBUG 	TextBox2 loaded 1 chars with 0 blanks and 1 valid
9.6389 	DEBUG 	TextBox2 loaded 1 chars with 0 blanks and 1 valid
9.6393 	DEBUG 	TextBox2 loaded 1 chars with 0 blanks and 1 valid
9.6430 	DEBUG 	Uploading Texture Font fontname to graphics card
9.6571 	DEBUG 	Upload of Texture Font fontname complete
9.6628 	DEBUG 	TextBox2 loaded 1 chars with 0 blanks and 1 valid
9.6636 	DEBUG 	TextBox2 loaded 1 chars with 0 blanks and 1 valid
9.6643 	DEBUG 	TextBox2 loaded 1 chars with 0 blanks and 1 valid
9.6645 	DEBUG 	Uploading Texture Font fontname to graphics card
9.6828 	DEBUG 	Upload of Texture Font fontname complete
9.6844 	EXP 	window1: Attempting to measure frame rate of screen (0) ...
9.6845 	EXP 	window1: recordFrameIntervals = False
9.8637 	EXP 	window1: recordFrameIntervals = True
10.0471 	EXP 	Screen (0) actual frame rate measured at 60.05Hz
10.0472 	EXP 	window1: recordFrameIntervals = False
10.0545 	DEBUG 	TextBox2 loaded 1 chars with 0 blanks and 1 valid
10.0552 	DEBUG 	TextBox2 loaded 1 chars with 0 blanks and 1 valid
10.0563 	DEBUG 	TextBox2 loaded 1 chars with 0 blanks and 1 valid
10.0572 	DEBUG 	TextBox2 loaded 1 chars with 0 blanks and 1 valid
10.0579 	DEBUG 	TextBox2 loaded 1 chars with 0 blanks and 1 valid
10.0586 	DEBUG 	TextBox2 loaded 1 chars with 0 blanks and 1 valid
10.0590 	DEBUG 	TextBox2 loaded 1 chars with 0 blanks and 1 valid
10.0597 	DEBUG 	TextBox2 loaded 1 chars with 0 blanks and 1 valid
10.0605 	DEBUG 	TextBox2 loaded 1 chars with 0 blanks and 1 valid
10.0619 	DEBUG 	TextBox2 loaded 1 chars with 0 blanks and 1 valid
10.0623 	DEBUG 	Uploading Texture Font fontname to graphics card
10.0628 	DEBUG 	Upload of Texture Font fontname complete
10.0910 	WARNING 	launchHubServer: If using the iohub mouse or eyetracker devices, fullScr should be True.
13.8174 	INFO 	keyboard.Keyboard is using iohub backend.
13.8175 	INFO 	keyboard.Keyboard is using iohub backend.
13.8175 	INFO 	keyboard.Keyboard is using iohub backend.
13.8175 	EXP 	Sternberg: status = STARTED
14.2687 	EXP 	Created WelcomeText = TextStim(__class__=<class 'psychopy.visual.text.TextStim'>, alignHoriz=method-wrapper(...), alignText='center', alignVert=method-wrapper(...), anchorHoriz='center', anchorVert='center', antialias=True, autoDraw=False, autoLog=True, bold=False, color=array([-1., -1., -1.]), colorSpace='rgb', contrast=1.0, depth=0.0, draggable=False, flipHoriz=False, flipVert=False, font='Arial', fontFiles=[], height=0.1, italic=False, languageStyle='LTR', name='WelcomeText', opacity=1, ori=0.0, pos=array([0., 0.]), rgb=UNKNOWN, text=str(...), units='height', win=Window(...), wrapWidth=1)
14.2850 	EXP 	Created text_norm = TextStim(__class__=<class 'psychopy.visual.text.TextStim'>, alignHoriz=method-wrapper(...), alignText='center', alignVert=method-wrapper(...), anchorHoriz='center', anchorVert='center', antialias=True, autoDraw=False, autoLog=True, bold=False, color=array([-1., -1., -1.]), colorSpace='rgb', contrast=1.0, depth=0.0, draggable=False, flipHoriz=False, flipVert=False, font='Arial', fontFiles=[], height=0.1, italic=False, languageStyle='LTR', name='text_norm', opacity=1, ori=0.0, pos=array([0., 0.]), rgb=UNKNOWN, text='Welcome to the Experiment! The ', units='norm', win=Window(...), wrapWidth=1.8)
14.2892 	EXP 	Created Cross_Fixation = ShapeStim(__class__=<class 'psychopy.visual.shape.ShapeStim'>, anchor=('center', 'center'), autoDraw=False, autoLog=True, closeShape=True, color=method-wrapper(...), colorSpace='rgb', contrast=None, depth=0.0, draggable=False, fillColor=array([1, 1, 1]), fillColorSpace='rgb', fillRGB=array([1, 1, 1]), interpolate=True, lineColor=array([1., 1., 1.]), lineColorSpace='rgb', lineRGB=array([1, 1, 1]), lineWidth=1.0, name='Cross_Fixation', opacity=1, ori=0.0, pos=array([0., 0.]), size=array([0.5, 0.5]), units='height', vertices=ndarray(...), win=Window(...), windingRule=None)
0.0089 	EXP 	text_norm: alignText = 'left'
0.0269 	INFO 	Keyboard events cleared
0.0266 	EXP 	WelcomeText: autoDraw = True
11.8168 	DATA 	Keypress: period
11.8238 	INFO 	Keyboard events cleared
11.8235 	EXP 	WelcomeText: autoDraw = False
11.8235 	EXP 	text_norm: autoDraw = True
11.8235 	EXP 	text_norm: height = 0.1
11.8235 	EXP 	text_norm: height = 0.1
11.8235 	EXP 	text_norm: height = 0.1
11.8235 	EXP 	text_norm: text = 'Welcome to the Experiment! The '
14.5466 	DATA 	Keypress: period
14.5572 	EXP 	text_norm: autoDraw = False
14.5572 	EXP 	Cross_Fixation: autoDraw = True
24.5573 	EXP 	Cross_Fixation: autoDraw = False
24.5573 	EXP 	Cross_Fixation: autoDraw = False
24.5598 	EXP 	Sternberg: status = STOPPED
24.5618 	INFO 	saved data to 'C:\\Users\\04Ben\\OneDrive\\Desktop\\Sternberg\\data/415870_Sternberg_2025-03-07_15h23.42.068.csv'
24.5623 	INFO 	saved data to C:\Users\04Ben\OneDrive\Desktop\Sternberg\data/415870_Sternberg_2025-03-07_15h23.42.068.psydat
25.0012 	DEBUG 	Saving data for Sternberg ExperimentHandler
