2.8061 	DEBUG 	Fullscreen settings ignored as running in pilot mode.
2.8066 	INFO 	Loaded monitor calibration from ['2025_02_28 17:16']
2.9122 	EXP 	Created window1 = Window(allowGUI=False, allowStencil=False, autoLog=True, backendConf=UNKNOWN, backgroundFit=<method-wrapper '__getattribute__' of attributeSetter object at 0x00000297AA9036D0>, backgroundImage=<method-wrapper '__getattribute__' of attributeSetter object at 0x00000297AA903670>, bitsMode=UNKNOWN, blendMode='avg', bpc=(8, 8, 8), color=array([0, 0, 0]), colorSpace='rgb', depthBits=8, fullscr=False, gamma=None, gammaErrorPolicy='raise', infoMsg=UNKNOWN, lms=UNKNOWN, monitor=<psychopy.monitors.calibTools.Monitor object at 0x00000297AA9CCCD0>, multiSample=False, name='window1', numSamples=2, pos=[880.0, 420.0], screen=0, size=array([800, 600]), stencilBits=0, stereo=False, title='PsychoPy', units='height', useFBO=True, useRetina=False, viewOri=0.0, viewPos=None, viewScale=None, waitBlanking=True, winType='pyglet')
2.9123 	EXP 	window1: backgroundImage = ''
2.9123 	EXP 	window1: backgroundFit = 'none'
2.9170 	DEBUG 	TextBox2 loaded 1 chars with 0 blanks and 1 valid
2.9174 	DEBUG 	TextBox2 loaded 1 chars with 0 blanks and 1 valid
2.9180 	DEBUG 	TextBox2 loaded 1 chars with 0 blanks and 1 valid
2.9186 	DEBUG 	TextBox2 loaded 1 chars with 0 blanks and 1 valid
2.9192 	DEBUG 	TextBox2 loaded 1 chars with 0 blanks and 1 valid
2.9195 	DEBUG 	TextBox2 loaded 1 chars with 0 blanks and 1 valid
2.9201 	DEBUG 	TextBox2 loaded 1 chars with 0 blanks and 1 valid
2.9207 	DEBUG 	TextBox2 loaded 1 chars with 0 blanks and 1 valid
2.9210 	DEBUG 	TextBox2 loaded 1 chars with 0 blanks and 1 valid
2.9212 	DEBUG 	TextBox2 loaded 1 chars with 0 blanks and 1 valid
2.9218 	DEBUG 	TextBox2 loaded 1 chars with 0 blanks and 1 valid
2.9224 	DEBUG 	TextBox2 loaded 1 chars with 0 blanks and 1 valid
2.9229 	DEBUG 	TextBox2 loaded 1 chars with 0 blanks and 1 valid
2.9235 	DEBUG 	TextBox2 loaded 1 chars with 0 blanks and 1 valid
2.9240 	DEBUG 	TextBox2 loaded 1 chars with 0 blanks and 1 valid
2.9245 	DEBUG 	TextBox2 loaded 1 chars with 0 blanks and 1 valid
2.9250 	DEBUG 	TextBox2 loaded 1 chars with 0 blanks and 1 valid
2.9253 	DEBUG 	TextBox2 loaded 1 chars with 0 blanks and 1 valid
2.9257 	DEBUG 	TextBox2 loaded 1 chars with 0 blanks and 1 valid
2.9265 	DEBUG 	TextBox2 loaded 1 chars with 0 blanks and 1 valid
2.9268 	DEBUG 	TextBox2 loaded 1 chars with 0 blanks and 1 valid
2.9270 	DEBUG 	Uploading Texture Font fontname to graphics card
2.9278 	DEBUG 	Upload of Texture Font fontname complete
2.9318 	DEBUG 	TextBox2 loaded 1 chars with 0 blanks and 1 valid
2.9324 	DEBUG 	TextBox2 loaded 1 chars with 0 blanks and 1 valid
2.9330 	DEBUG 	TextBox2 loaded 1 chars with 0 blanks and 1 valid
2.9332 	DEBUG 	Uploading Texture Font fontname to graphics card
2.9336 	DEBUG 	Upload of Texture Font fontname complete
2.9350 	EXP 	window1: Attempting to measure frame rate of screen (0) ...
2.9350 	EXP 	window1: recordFrameIntervals = False
2.9792 	EXP 	window1: recordFrameIntervals = True
3.0256 	EXP 	Screen (0) actual frame rate measured at 234.75Hz
3.0256 	EXP 	window1: recordFrameIntervals = False
3.0287 	DEBUG 	TextBox2 loaded 1 chars with 0 blanks and 1 valid
3.0290 	DEBUG 	TextBox2 loaded 1 chars with 0 blanks and 1 valid
3.0297 	DEBUG 	TextBox2 loaded 1 chars with 0 blanks and 1 valid
3.0304 	DEBUG 	TextBox2 loaded 1 chars with 0 blanks and 1 valid
3.0311 	DEBUG 	TextBox2 loaded 1 chars with 0 blanks and 1 valid
3.0317 	DEBUG 	TextBox2 loaded 1 chars with 0 blanks and 1 valid
3.0321 	DEBUG 	TextBox2 loaded 1 chars with 0 blanks and 1 valid
3.0326 	DEBUG 	TextBox2 loaded 1 chars with 0 blanks and 1 valid
3.0332 	DEBUG 	TextBox2 loaded 1 chars with 0 blanks and 1 valid
3.0338 	DEBUG 	TextBox2 loaded 1 chars with 0 blanks and 1 valid
3.0340 	DEBUG 	Uploading Texture Font fontname to graphics card
3.0345 	DEBUG 	Upload of Texture Font fontname complete
3.0409 	WARNING 	launchHubServer: If using the iohub mouse or eyetracker devices, fullScr should be True.
3.8823 	INFO 	keyboard.Keyboard is using iohub backend.
3.8823 	INFO 	keyboard.Keyboard is using iohub backend.
3.8823 	INFO 	keyboard.Keyboard is using iohub backend.
3.8823 	EXP 	Sternberg: status = STARTED
3.9162 	EXP 	Created WelcomeText = TextStim(__class__=<class 'psychopy.visual.text.TextStim'>, alignHoriz=method-wrapper(...), alignText='center', alignVert=method-wrapper(...), anchorHoriz='center', anchorVert='center', antialias=True, autoDraw=False, autoLog=True, bold=False, color=array([-1., -1., -1.]), colorSpace='rgb', contrast=1.0, depth=0.0, draggable=False, flipHoriz=False, flipVert=False, font='Arial', fontFiles=[], height=0.1, italic=False, languageStyle='LTR', name='WelcomeText', opacity=1, ori=0.0, pos=array([0., 0.]), rgb=UNKNOWN, text=str(...), units='height', win=Window(...), wrapWidth=1)
3.9326 	EXP 	Created text_norm = TextStim(__class__=<class 'psychopy.visual.text.TextStim'>, alignHoriz=method-wrapper(...), alignText='center', alignVert=method-wrapper(...), anchorHoriz='center', anchorVert='center', antialias=True, autoDraw=False, autoLog=True, bold=False, color=array([-1., -1., -1.]), colorSpace='rgb', contrast=1.0, depth=0.0, draggable=False, flipHoriz=False, flipVert=False, font='Arial', fontFiles=[], height=0.1, italic=False, languageStyle='LTR', name='text_norm', opacity=1, ori=0.0, pos=array([0., 0.]), rgb=UNKNOWN, text=str(...), units='norm', win=Window(...), wrapWidth=1.8)
0.0009 	EXP 	text_norm: alignText = 'left'
0.0048 	INFO 	Keyboard events cleared
0.0046 	EXP 	WelcomeText: autoDraw = True
4.8475 	DATA 	Keypress: 2
4.8483 	INFO 	Keyboard events cleared
4.8481 	EXP 	WelcomeText: autoDraw = False
4.8481 	EXP 	text_norm: autoDraw = True
4.8481 	EXP 	text_norm: height = 0.1
4.8481 	EXP 	text_norm: height = 0.1
4.8481 	EXP 	text_norm: height = 0.1
4.8481 	EXP 	text_norm: text = 'Any text\n\nincluding line breaks\n\nThis text component is white, so change the colour if you have a white background. It does not save the onset and offset time, but has been left justified with a wrap width of 1.8 norm units.\n\nPress the spacebar to continue'
9.5149 	DATA 	Keypress: 2
9.5175 	EXP 	text_norm: autoDraw = False
9.5184 	EXP 	Sternberg: status = STOPPED
9.5201 	INFO 	saved data to 'C:\\Users\\Ben\\Desktop\\Sternberg\\data/705969_Sternberg_2025-03-06_12h08.22.213.csv'
9.5205 	INFO 	saved data to C:\Users\Ben\Desktop\Sternberg\data/705969_Sternberg_2025-03-06_12h08.22.213.psydat
9.9024 	DEBUG 	Saving data for Sternberg ExperimentHandler
