8.7984 	DEBUG 	Fullscreen settings ignored as running in pilot mode.
8.7991 	INFO 	Loaded monitor calibration from ['2025_02_27 13:12']
9.7463 	EXP 	Created window1 = Window(allowGUI=False, allowStencil=False, autoLog=True, backendConf=UNKNOWN, backgroundFit=<method-wrapper '__getattribute__' of attributeSetter object at 0x000001E3ABE13A30>, backgroundImage=<method-wrapper '__getattribute__' of attributeSetter object at 0x000001E3ABE13A90>, bitsMode=UNKNOWN, blendMode='avg', bpc=(8, 8, 8), color=array([-1., -1., -1.]), colorSpace='rgb', depthBits=8, fullscr=False, gamma=None, gammaErrorPolicy='raise', infoMsg=UNKNOWN, lms=UNKNOWN, monitor=<psychopy.monitors.calibTools.Monitor object at 0x000001E3ABEA1120>, multiSample=False, name='window1', numSamples=2, pos=[880.0, 500.0], screen=0, size=array([800, 600]), stencilBits=0, stereo=False, title='PsychoPy', units='height', useFBO=True, useRetina=False, viewOri=0.0, viewPos=None, viewScale=None, waitBlanking=True, winType='pyglet')
9.7463 	EXP 	window1: backgroundImage = ''
9.7463 	EXP 	window1: backgroundFit = 'none'
9.7595 	DEBUG 	TextBox2 loaded 1 chars with 0 blanks and 1 valid
9.7603 	DEBUG 	TextBox2 loaded 1 chars with 0 blanks and 1 valid
9.7610 	DEBUG 	TextBox2 loaded 1 chars with 0 blanks and 1 valid
9.7619 	DEBUG 	TextBox2 loaded 1 chars with 0 blanks and 1 valid
9.7628 	DEBUG 	TextBox2 loaded 1 chars with 0 blanks and 1 valid
9.7632 	DEBUG 	TextBox2 loaded 1 chars with 0 blanks and 1 valid
9.7639 	DEBUG 	TextBox2 loaded 1 chars with 0 blanks and 1 valid
9.7648 	DEBUG 	TextBox2 loaded 1 chars with 0 blanks and 1 valid
9.7651 	DEBUG 	TextBox2 loaded 1 chars with 0 blanks and 1 valid
9.7655 	DEBUG 	TextBox2 loaded 1 chars with 0 blanks and 1 valid
9.7662 	DEBUG 	TextBox2 loaded 1 chars with 0 blanks and 1 valid
9.7669 	DEBUG 	TextBox2 loaded 1 chars with 0 blanks and 1 valid
9.7675 	DEBUG 	TextBox2 loaded 1 chars with 0 blanks and 1 valid
9.7682 	DEBUG 	TextBox2 loaded 1 chars with 0 blanks and 1 valid
9.7688 	DEBUG 	TextBox2 loaded 1 chars with 0 blanks and 1 valid
9.7695 	DEBUG 	TextBox2 loaded 1 chars with 0 blanks and 1 valid
9.7702 	DEBUG 	TextBox2 loaded 1 chars with 0 blanks and 1 valid
9.7707 	DEBUG 	TextBox2 loaded 1 chars with 0 blanks and 1 valid
9.7711 	DEBUG 	TextBox2 loaded 1 chars with 0 blanks and 1 valid
9.7720 	DEBUG 	TextBox2 loaded 1 chars with 0 blanks and 1 valid
9.7725 	DEBUG 	TextBox2 loaded 1 chars with 0 blanks and 1 valid
9.7765 	DEBUG 	Uploading Texture Font fontname to graphics card
9.8319 	DEBUG 	Upload of Texture Font fontname complete
9.8419 	DEBUG 	TextBox2 loaded 1 chars with 0 blanks and 1 valid
9.8433 	DEBUG 	TextBox2 loaded 1 chars with 0 blanks and 1 valid
9.8451 	DEBUG 	TextBox2 loaded 1 chars with 0 blanks and 1 valid
9.8456 	DEBUG 	Uploading Texture Font fontname to graphics card
9.8506 	DEBUG 	Upload of Texture Font fontname complete
9.8534 	EXP 	window1: Attempting to measure frame rate of screen (0) ...
9.8534 	EXP 	window1: recordFrameIntervals = False
10.0428 	EXP 	window1: recordFrameIntervals = True
10.2257 	EXP 	Screen (0) actual frame rate measured at 60.23Hz
10.2258 	EXP 	window1: recordFrameIntervals = False
10.2330 	DEBUG 	TextBox2 loaded 1 chars with 0 blanks and 1 valid
10.2336 	DEBUG 	TextBox2 loaded 1 chars with 0 blanks and 1 valid
10.2348 	DEBUG 	TextBox2 loaded 1 chars with 0 blanks and 1 valid
10.2360 	DEBUG 	TextBox2 loaded 1 chars with 0 blanks and 1 valid
10.2369 	DEBUG 	TextBox2 loaded 1 chars with 0 blanks and 1 valid
10.2379 	DEBUG 	TextBox2 loaded 1 chars with 0 blanks and 1 valid
10.2394 	DEBUG 	TextBox2 loaded 1 chars with 0 blanks and 1 valid
10.2411 	DEBUG 	TextBox2 loaded 1 chars with 0 blanks and 1 valid
10.2422 	DEBUG 	TextBox2 loaded 1 chars with 0 blanks and 1 valid
10.2431 	DEBUG 	TextBox2 loaded 1 chars with 0 blanks and 1 valid
10.2435 	DEBUG 	Uploading Texture Font fontname to graphics card
10.2440 	DEBUG 	Upload of Texture Font fontname complete
10.2844 	WARNING 	launchHubServer: If using the iohub mouse or eyetracker devices, fullScr should be True.
15.0753 	INFO 	keyboard.Keyboard is using iohub backend.
15.0754 	INFO 	keyboard.Keyboard is using iohub backend.
15.0754 	INFO 	keyboard.Keyboard is using iohub backend.
15.0754 	INFO 	keyboard.Keyboard is using iohub backend.
15.0755 	EXP 	Sternberg: status = STARTED
15.4456 	EXP 	Created WelcomeText = TextStim(__class__=<class 'psychopy.visual.text.TextStim'>, alignHoriz=method-wrapper(...), alignText='center', alignVert=method-wrapper(...), anchorHoriz='center', anchorVert='center', antialias=True, autoDraw=False, autoLog=True, bold=False, color=array([1., 1., 1.]), colorSpace='rgb', contrast=1.0, depth=0.0, draggable=False, flipHoriz=False, flipVert=False, font='Arial', fontFiles=[], height=0.1, italic=False, languageStyle='LTR', name='WelcomeText', opacity=1, ori=0.0, pos=array([0., 0.]), rgb=UNKNOWN, text=str(...), units='height', win=Window(...), wrapWidth=1)
15.4662 	EXP 	Created text_norm = TextStim(__class__=<class 'psychopy.visual.text.TextStim'>, alignHoriz=method-wrapper(...), alignText='center', alignVert=method-wrapper(...), anchorHoriz='center', anchorVert='center', antialias=True, autoDraw=False, autoLog=True, bold=False, color=array([1., 1., 1.]), colorSpace='rgb', contrast=1.0, depth=0.0, draggable=False, flipHoriz=False, flipVert=False, font='Arial', fontFiles=[], height=0.1, italic=False, languageStyle='LTR', name='text_norm', opacity=1, ori=0.0, pos=array([0., 0.]), rgb=UNKNOWN, text=str(...), units='norm', win=Window(...), wrapWidth=1.8)
15.4723 	EXP 	Created text_2 = TextStim(__class__=<class 'psychopy.visual.text.TextStim'>, alignHoriz=method-wrapper(...), alignText='center', alignVert=method-wrapper(...), anchorHoriz='center', anchorVert='center', antialias=True, autoDraw=False, autoLog=True, bold=False, color=array([1., 1., 1.]), colorSpace='rgb', contrast=1.0, depth=-3.0, draggable=False, flipHoriz=False, flipVert=False, font='Arial', fontFiles=[], height=0.05, italic=False, languageStyle='LTR', name='text_2', opacity=1, ori=0.0, pos=array([0., 0.]), rgb=UNKNOWN, text='Any text\n\nincluding line breaks', units='height', win=Window(...), wrapWidth=1)
15.4778 	EXP 	Created Cross_Fixation = ShapeStim(__class__=<class 'psychopy.visual.shape.ShapeStim'>, anchor=('center', 'center'), autoDraw=False, autoLog=True, closeShape=True, color=method-wrapper(...), colorSpace='rgb', contrast=None, depth=0.0, draggable=False, fillColor=array([1, 1, 1]), fillColorSpace='rgb', fillRGB=array([1, 1, 1]), interpolate=True, lineColor=array([1., 1., 1.]), lineColorSpace='rgb', lineRGB=array([1, 1, 1]), lineWidth=0.05, name='Cross_Fixation', opacity=1, ori=0.0, pos=array([0., 0.]), size=array([0.5, 0.5]), units='height', vertices=ndarray(...), win=Window(...), windingRule=None)
15.4808 	EXP 	Created letter_display = TextStim(__class__=<class 'psychopy.visual.text.TextStim'>, alignHoriz=method-wrapper(...), alignText='center', alignVert=method-wrapper(...), anchorHoriz='center', anchorVert='center', antialias=True, autoDraw=False, autoLog=True, bold=False, color=array([1., 1., 1.]), colorSpace='rgb', contrast=1.0, depth=-1.0, draggable=False, flipHoriz=False, flipVert=False, font='Arial', fontFiles=[], height=0.05, italic=False, languageStyle='LTR', name='letter_display', opacity=1, ori=0.0, pos=array([0., 0.]), rgb=UNKNOWN, text='error: text not properly updated', units='height', win=Window(...), wrapWidth=1)
15.4851 	EXP 	Created image = ImageStim(__class__=<class 'psychopy.visual.image.ImageStim'>, anchor=('center', 'center'), autoLog=True, color=array([-1., -1., -1.]), colorSpace='rgb', contrast=1.0, depth=0.0, draggable=False, flipHoriz=False, flipVert=False, image=None, interpolate=True, mask=None, maskParams=None, name='image', opacity=1, ori=0.0, pos=array([0., 0.]), size=array([0.5, 0.5]), texRes=128.0, units='height', win=Window(...))
15.4871 	EXP 	Created rt_fb = TextStim(__class__=<class 'psychopy.visual.text.TextStim'>, alignHoriz=method-wrapper(...), alignText='center', alignVert=method-wrapper(...), anchorHoriz='center', anchorVert='center', antialias=True, autoDraw=False, autoLog=True, bold=False, color=array([1., 1., 1.]), colorSpace='rgb', contrast=1.0, depth=-1.0, draggable=False, flipHoriz=False, flipVert=False, font='Open Sans', fontFiles=[], height=0.1, italic=False, languageStyle='LTR', name='rt_fb', opacity=1, ori=0.0, pos=array([0., 0.]), rgb=UNKNOWN, text='', units='height', win=Window(...), wrapWidth=1)
15.5517 	DEBUG 	Saving data for Sternberg ExperimentHandler
15.5523 	INFO 	saved data to C:\Users\04Ben\OneDrive\Desktop\Sternberg_2\data/729393_Sternberg_2025-03-18_14h26.52.943.psydat
15.5529 	INFO 	saved data to 'C:\\Users\\04Ben\\OneDrive\\Desktop\\Sternberg_2\\data/729393_Sternberg_2025-03-18_14h26.52.943.csv'
