58.6040 	DEBUG 	Fullscreen settings ignored as running in pilot mode.
58.6054 	INFO 	Loaded monitor calibration from ['2025_02_27 13:12']
60.0388 	EXP 	Created window1 = Window(allowGUI=False, allowStencil=False, autoLog=True, backendConf=UNKNOWN, backgroundFit=<method-wrapper '__getattribute__' of attributeSetter object at 0x00000227337362C0>, backgroundImage=<method-wrapper '__getattribute__' of attributeSetter object at 0x0000022733736260>, bitsMode=UNKNOWN, blendMode='avg', bpc=(8, 8, 8), color=array([-1., -1., -1.]), colorSpace='rgb', depthBits=8, fullscr=False, gamma=None, gammaErrorPolicy='raise', infoMsg=UNKNOWN, lms=UNKNOWN, monitor=<psychopy.monitors.calibTools.Monitor object at 0x0000022733801510>, multiSample=False, name='window1', numSamples=2, pos=[880.0, 500.0], screen=0, size=array([800, 600]), stencilBits=0, stereo=False, title='PsychoPy', units='height', useFBO=True, useRetina=False, viewOri=0.0, viewPos=None, viewScale=None, waitBlanking=True, winType='pyglet')
60.0388 	EXP 	window1: backgroundImage = ''
60.0389 	EXP 	window1: backgroundFit = 'none'
60.0708 	DEBUG 	TextBox2 loaded 1 chars with 0 blanks and 1 valid
60.0719 	DEBUG 	TextBox2 loaded 1 chars with 0 blanks and 1 valid
60.0729 	DEBUG 	TextBox2 loaded 1 chars with 0 blanks and 1 valid
60.0741 	DEBUG 	TextBox2 loaded 1 chars with 0 blanks and 1 valid
60.0753 	DEBUG 	TextBox2 loaded 1 chars with 0 blanks and 1 valid
60.0761 	DEBUG 	TextBox2 loaded 1 chars with 0 blanks and 1 valid
60.0771 	DEBUG 	TextBox2 loaded 1 chars with 0 blanks and 1 valid
60.0782 	DEBUG 	TextBox2 loaded 1 chars with 0 blanks and 1 valid
60.0787 	DEBUG 	TextBox2 loaded 1 chars with 0 blanks and 1 valid
60.0792 	DEBUG 	TextBox2 loaded 1 chars with 0 blanks and 1 valid
60.0801 	DEBUG 	TextBox2 loaded 1 chars with 0 blanks and 1 valid
60.0811 	DEBUG 	TextBox2 loaded 1 chars with 0 blanks and 1 valid
60.0820 	DEBUG 	TextBox2 loaded 1 chars with 0 blanks and 1 valid
60.0829 	DEBUG 	TextBox2 loaded 1 chars with 0 blanks and 1 valid
60.0837 	DEBUG 	TextBox2 loaded 1 chars with 0 blanks and 1 valid
60.0848 	DEBUG 	TextBox2 loaded 1 chars with 0 blanks and 1 valid
60.0858 	DEBUG 	TextBox2 loaded 1 chars with 0 blanks and 1 valid
60.0874 	DEBUG 	TextBox2 loaded 1 chars with 0 blanks and 1 valid
60.0880 	DEBUG 	TextBox2 loaded 1 chars with 0 blanks and 1 valid
60.0895 	DEBUG 	TextBox2 loaded 1 chars with 0 blanks and 1 valid
60.0901 	DEBUG 	TextBox2 loaded 1 chars with 0 blanks and 1 valid
60.0929 	DEBUG 	Uploading Texture Font fontname to graphics card
60.1433 	DEBUG 	Upload of Texture Font fontname complete
60.1541 	DEBUG 	TextBox2 loaded 1 chars with 0 blanks and 1 valid
60.1555 	DEBUG 	TextBox2 loaded 1 chars with 0 blanks and 1 valid
60.1575 	DEBUG 	TextBox2 loaded 1 chars with 0 blanks and 1 valid
60.1579 	DEBUG 	Uploading Texture Font fontname to graphics card
60.1665 	DEBUG 	Upload of Texture Font fontname complete
60.1691 	EXP 	window1: Attempting to measure frame rate of screen (0) ...
60.1691 	EXP 	window1: recordFrameIntervals = False
60.3803 	EXP 	window1: recordFrameIntervals = True
60.5272 	WARNING 	t of last frame was 82.39ms (=1/12)
60.5479 	WARNING 	t of last frame was 20.68ms (=1/48)
60.8290 	EXP 	Screen (0) actual frame rate measured at 59.89Hz
60.8291 	EXP 	window1: recordFrameIntervals = False
60.8378 	DEBUG 	TextBox2 loaded 1 chars with 0 blanks and 1 valid
60.8387 	DEBUG 	TextBox2 loaded 1 chars with 0 blanks and 1 valid
60.8406 	DEBUG 	TextBox2 loaded 1 chars with 0 blanks and 1 valid
60.8423 	DEBUG 	TextBox2 loaded 1 chars with 0 blanks and 1 valid
60.8445 	DEBUG 	TextBox2 loaded 1 chars with 0 blanks and 1 valid
60.8458 	DEBUG 	TextBox2 loaded 1 chars with 0 blanks and 1 valid
60.8464 	DEBUG 	TextBox2 loaded 1 chars with 0 blanks and 1 valid
60.8484 	DEBUG 	TextBox2 loaded 1 chars with 0 blanks and 1 valid
60.8500 	DEBUG 	TextBox2 loaded 1 chars with 0 blanks and 1 valid
60.8511 	DEBUG 	TextBox2 loaded 1 chars with 0 blanks and 1 valid
60.8515 	DEBUG 	Uploading Texture Font fontname to graphics card
60.8522 	DEBUG 	Upload of Texture Font fontname complete
60.9586 	WARNING 	launchHubServer: If using the iohub mouse or eyetracker devices, fullScr should be True.
66.9134 	INFO 	keyboard.Keyboard is using iohub backend.
66.9136 	INFO 	keyboard.Keyboard is using iohub backend.
66.9136 	INFO 	keyboard.Keyboard is using iohub backend.
66.9136 	INFO 	keyboard.Keyboard is using iohub backend.
66.9136 	EXP 	Sternberg: status = STARTED
67.4660 	EXP 	Created WelcomeText = TextStim(__class__=<class 'psychopy.visual.text.TextStim'>, alignHoriz=method-wrapper(...), alignText='center', alignVert=method-wrapper(...), anchorHoriz='center', anchorVert='center', antialias=True, autoDraw=False, autoLog=True, bold=False, color=array([1., 1., 1.]), colorSpace='rgb', contrast=1.0, depth=0.0, draggable=False, flipHoriz=False, flipVert=False, font='Arial', fontFiles=[], height=0.1, italic=False, languageStyle='LTR', name='WelcomeText', opacity=1, ori=0.0, pos=array([0., 0.]), rgb=UNKNOWN, text=str(...), units='height', win=Window(...), wrapWidth=1)
67.4943 	EXP 	Created text_norm = TextStim(__class__=<class 'psychopy.visual.text.TextStim'>, alignHoriz=method-wrapper(...), alignText='center', alignVert=method-wrapper(...), anchorHoriz='center', anchorVert='center', antialias=True, autoDraw=False, autoLog=True, bold=False, color=array([1., 1., 1.]), colorSpace='rgb', contrast=1.0, depth=0.0, draggable=False, flipHoriz=False, flipVert=False, font='Arial', fontFiles=[], height=0.1, italic=False, languageStyle='LTR', name='text_norm', opacity=1, ori=0.0, pos=array([0., 0.]), rgb=UNKNOWN, text=str(...), units='norm', win=Window(...), wrapWidth=1.8)
67.5025 	EXP 	Created text_2 = TextStim(__class__=<class 'psychopy.visual.text.TextStim'>, alignHoriz=method-wrapper(...), alignText='center', alignVert=method-wrapper(...), anchorHoriz='center', anchorVert='center', antialias=True, autoDraw=False, autoLog=True, bold=False, color=array([1., 1., 1.]), colorSpace='rgb', contrast=1.0, depth=-3.0, draggable=False, flipHoriz=False, flipVert=False, font='Arial', fontFiles=[], height=0.05, italic=False, languageStyle='LTR', name='text_2', opacity=1, ori=0.0, pos=array([0., 0.]), rgb=UNKNOWN, text='Any text\n\nincluding line breaks', units='height', win=Window(...), wrapWidth=1)
67.5098 	EXP 	Created Cross_Fixation = ShapeStim(__class__=<class 'psychopy.visual.shape.ShapeStim'>, anchor=('center', 'center'), autoDraw=False, autoLog=True, closeShape=True, color=method-wrapper(...), colorSpace='rgb', contrast=None, depth=0.0, draggable=False, fillColor=array([1, 1, 1]), fillColorSpace='rgb', fillRGB=array([1, 1, 1]), interpolate=True, lineColor=array([1., 1., 1.]), lineColorSpace='rgb', lineRGB=array([1, 1, 1]), lineWidth=0.05, name='Cross_Fixation', opacity=1, ori=0.0, pos=array([0., 0.]), size=array([0.5, 0.5]), units='height', vertices=ndarray(...), win=Window(...), windingRule=None)
67.5151 	EXP 	Created letter_display = TextStim(__class__=<class 'psychopy.visual.text.TextStim'>, alignHoriz=method-wrapper(...), alignText='center', alignVert=method-wrapper(...), anchorHoriz='center', anchorVert='center', antialias=True, autoDraw=False, autoLog=True, bold=False, color=array([1., 1., 1.]), colorSpace='rgb', contrast=1.0, depth=-1.0, draggable=False, flipHoriz=False, flipVert=False, font='Arial', fontFiles=[], height=0.05, italic=False, languageStyle='LTR', name='letter_display', opacity=1, ori=0.0, pos=array([0., 0.]), rgb=UNKNOWN, text='error: text not properly updated', units='height', win=Window(...), wrapWidth=1)
67.5199 	EXP 	Created image = ImageStim(__class__=<class 'psychopy.visual.image.ImageStim'>, anchor=('center', 'center'), autoLog=True, color=array([-1., -1., -1.]), colorSpace='rgb', contrast=1.0, depth=0.0, draggable=False, flipHoriz=False, flipVert=False, image=None, interpolate=True, mask=None, maskParams=None, name='image', opacity=1, ori=0.0, pos=array([0., 0.]), size=array([0.5, 0.5]), texRes=128.0, units='height', win=Window(...))
67.5239 	EXP 	Created rt_fb = TextStim(__class__=<class 'psychopy.visual.text.TextStim'>, alignHoriz=method-wrapper(...), alignText='center', alignVert=method-wrapper(...), anchorHoriz='center', anchorVert='center', antialias=True, autoDraw=False, autoLog=True, bold=False, color=array([1., 1., 1.]), colorSpace='rgb', contrast=1.0, depth=-1.0, draggable=False, flipHoriz=False, flipVert=False, font='Open Sans', fontFiles=[], height=0.1, italic=False, languageStyle='LTR', name='rt_fb', opacity=1, ori=0.0, pos=array([0., 0.]), rgb=UNKNOWN, text='', units='height', win=Window(...), wrapWidth=1)
67.6222 	DEBUG 	Saving data for Sternberg ExperimentHandler
67.6235 	INFO 	saved data to C:\Users\04Ben\OneDrive\Desktop\Sternberg_2\data/744135_Sternberg_2025-03-14_10h48.44.933.psydat
67.6248 	INFO 	saved data to 'C:\\Users\\04Ben\\OneDrive\\Desktop\\Sternberg_2\\data/744135_Sternberg_2025-03-14_10h48.44.933.csv'
