9.7734 	INFO 	Loaded monitor calibration from ['2025_02_27 13:12']
9.7829 	WARNING 	User requested fullscreen with size [1024  768], but screen is actually [2560, 1600]. Using actual size
10.0493 	EXP 	Created window1 = Window(allowGUI=False, allowStencil=False, autoLog=True, backendConf=UNKNOWN, backgroundFit=<method-wrapper '__getattribute__' of attributeSetter object at 0x00000286FDFE0CA0>, backgroundImage=<method-wrapper '__getattribute__' of attributeSetter object at 0x00000286FDFE0D00>, bitsMode=UNKNOWN, blendMode='avg', bpc=(8, 8, 8), color=array([0, 0, 0]), colorSpace='rgb', depthBits=8, fullscr=True, gamma=None, gammaErrorPolicy='raise', infoMsg=UNKNOWN, lms=UNKNOWN, monitor=<psychopy.monitors.calibTools.Monitor object at 0x00000286800B29B0>, multiSample=False, name='window1', numSamples=2, pos=[0.0, 0.0], screen=0, size=array([2560, 1600]), stencilBits=0, stereo=False, title='PsychoPy', units='height', useFBO=True, useRetina=False, viewOri=0.0, viewPos=None, viewScale=None, waitBlanking=True, winType='pyglet')
10.0493 	EXP 	window1: backgroundImage = ''
10.0494 	EXP 	window1: backgroundFit = 'none'
10.1326 	EXP 	window1: Attempting to measure frame rate of screen (0) ...
10.1326 	EXP 	window1: recordFrameIntervals = False
10.3148 	EXP 	window1: recordFrameIntervals = True
10.4984 	EXP 	Screen (0) actual frame rate measured at 59.99Hz
10.4984 	EXP 	window1: recordFrameIntervals = False
12.9167 	INFO 	keyboard.Keyboard is using iohub backend.
12.9168 	INFO 	keyboard.Keyboard is using iohub backend.
12.9168 	INFO 	keyboard.Keyboard is using iohub backend.
12.9168 	EXP 	Sternberg: status = STARTED
13.0166 	EXP 	Created WelcomeText = TextStim(__class__=<class 'psychopy.visual.text.TextStim'>, alignHoriz=method-wrapper(...), alignText='center', alignVert=method-wrapper(...), anchorHoriz='center', anchorVert='center', antialias=True, autoDraw=False, autoLog=True, bold=False, color=array([-1., -1., -1.]), colorSpace='rgb', contrast=1.0, depth=0.0, draggable=False, flipHoriz=False, flipVert=False, font='Arial', fontFiles=[], height=0.1, italic=False, languageStyle='LTR', name='WelcomeText', opacity=1, ori=0.0, pos=array([0., 0.]), rgb=UNKNOWN, text=str(...), units='height', win=Window(...), wrapWidth=1)
13.0461 	EXP 	Created text_norm = TextStim(__class__=<class 'psychopy.visual.text.TextStim'>, alignHoriz=method-wrapper(...), alignText='center', alignVert=method-wrapper(...), anchorHoriz='center', anchorVert='center', antialias=True, autoDraw=False, autoLog=True, bold=False, color=array([-1., -1., -1.]), colorSpace='rgb', contrast=1.0, depth=0.0, draggable=False, flipHoriz=False, flipVert=False, font='Arial', fontFiles=[], height=0.1, italic=False, languageStyle='LTR', name='text_norm', opacity=1, ori=0.0, pos=array([0., 0.]), rgb=UNKNOWN, text=str(...), units='norm', win=Window(...), wrapWidth=1.8)
0.0044 	EXP 	text_norm: alignText = 'left'
0.0181 	INFO 	Keyboard events cleared
0.0177 	EXP 	WelcomeText: autoDraw = True
2.7690 	DATA 	Keypress: right
2.7743 	INFO 	Keyboard events cleared
2.7736 	EXP 	WelcomeText: autoDraw = False
2.7736 	EXP 	text_norm: autoDraw = True
2.7736 	EXP 	text_norm: height = 0.1
2.7736 	EXP 	text_norm: height = 0.1
2.7736 	EXP 	text_norm: height = 0.1
2.7736 	EXP 	text_norm: text = 'Any text\n\nincluding line breaks\n\nThis text component is white, so change the colour if you have a white background. It does not save the onset and offset time, but has been left justified with a wrap width of 1.8 norm units.\n\nPress the spacebar to continue'
4.1051 	DATA 	Keypress: right
4.1182 	EXP 	text_norm: autoDraw = False
4.1185 	EXP 	Sternberg: status = STOPPED
4.1207 	INFO 	saved data to 'C:\\Users\\04Ben\\OneDrive\\Desktop\\Sternberg\\data/843450_Sternberg_2025-03-07_15h29.34.625.csv'
4.1213 	INFO 	saved data to C:\Users\04Ben\OneDrive\Desktop\Sternberg\data/843450_Sternberg_2025-03-07_15h29.34.625.psydat
