7.0181 	DEBUG 	Fullscreen settings ignored as running in pilot mode.
7.0185 	INFO 	Loaded monitor calibration from ['2025_02_28 17:16']
7.1232 	EXP 	Created window1 = Window(allowGUI=False, allowStencil=False, autoLog=True, backendConf=UNKNOWN, backgroundFit=<method-wrapper '__getattribute__' of attributeSetter object at 0x000001BB125F36D0>, backgroundImage=<method-wrapper '__getattribute__' of attributeSetter object at 0x000001BB125F3670>, bitsMode=UNKNOWN, blendMode='avg', bpc=(8, 8, 8), color=array([0, 0, 0]), colorSpace='rgb', depthBits=8, fullscr=False, gamma=None, gammaErrorPolicy='raise', infoMsg=UNKNOWN, lms=UNKNOWN, monitor=<psychopy.monitors.calibTools.Monitor object at 0x000001BB126BCCD0>, multiSample=False, name='window1', numSamples=2, pos=[880.0, 420.0], screen=0, size=array([800, 600]), stencilBits=0, stereo=False, title='PsychoPy', units='height', useFBO=True, useRetina=False, viewOri=0.0, viewPos=None, viewScale=None, waitBlanking=True, winType='pyglet')
7.1233 	EXP 	window1: backgroundImage = ''
7.1233 	EXP 	window1: backgroundFit = 'none'
7.1280 	DEBUG 	TextBox2 loaded 1 chars with 0 blanks and 1 valid
7.1285 	DEBUG 	TextBox2 loaded 1 chars with 0 blanks and 1 valid
7.1291 	DEBUG 	TextBox2 loaded 1 chars with 0 blanks and 1 valid
7.1299 	DEBUG 	TextBox2 loaded 1 chars with 0 blanks and 1 valid
7.1306 	DEBUG 	TextBox2 loaded 1 chars with 0 blanks and 1 valid
7.1310 	DEBUG 	TextBox2 loaded 1 chars with 0 blanks and 1 valid
7.1316 	DEBUG 	TextBox2 loaded 1 chars with 0 blanks and 1 valid
7.1324 	DEBUG 	TextBox2 loaded 1 chars with 0 blanks and 1 valid
7.1326 	DEBUG 	TextBox2 loaded 1 chars with 0 blanks and 1 valid
7.1329 	DEBUG 	TextBox2 loaded 1 chars with 0 blanks and 1 valid
7.1335 	DEBUG 	TextBox2 loaded 1 chars with 0 blanks and 1 valid
7.1341 	DEBUG 	TextBox2 loaded 1 chars with 0 blanks and 1 valid
7.1347 	DEBUG 	TextBox2 loaded 1 chars with 0 blanks and 1 valid
7.1353 	DEBUG 	TextBox2 loaded 1 chars with 0 blanks and 1 valid
7.1357 	DEBUG 	TextBox2 loaded 1 chars with 0 blanks and 1 valid
7.1364 	DEBUG 	TextBox2 loaded 1 chars with 0 blanks and 1 valid
7.1370 	DEBUG 	TextBox2 loaded 1 chars with 0 blanks and 1 valid
7.1374 	DEBUG 	TextBox2 loaded 1 chars with 0 blanks and 1 valid
7.1378 	DEBUG 	TextBox2 loaded 1 chars with 0 blanks and 1 valid
7.1385 	DEBUG 	TextBox2 loaded 1 chars with 0 blanks and 1 valid
7.1389 	DEBUG 	TextBox2 loaded 1 chars with 0 blanks and 1 valid
7.1391 	DEBUG 	Uploading Texture Font fontname to graphics card
7.1400 	DEBUG 	Upload of Texture Font fontname complete
7.1436 	DEBUG 	TextBox2 loaded 1 chars with 0 blanks and 1 valid
7.1443 	DEBUG 	TextBox2 loaded 1 chars with 0 blanks and 1 valid
7.1449 	DEBUG 	TextBox2 loaded 1 chars with 0 blanks and 1 valid
7.1450 	DEBUG 	Uploading Texture Font fontname to graphics card
7.1454 	DEBUG 	Upload of Texture Font fontname complete
7.1467 	EXP 	window1: Attempting to measure frame rate of screen (0) ...
7.1467 	EXP 	window1: recordFrameIntervals = False
7.1904 	EXP 	window1: recordFrameIntervals = True
7.2363 	EXP 	Screen (0) actual frame rate measured at 242.06Hz
7.2364 	EXP 	window1: recordFrameIntervals = False
7.2392 	DEBUG 	TextBox2 loaded 1 chars with 0 blanks and 1 valid
7.2396 	DEBUG 	TextBox2 loaded 1 chars with 0 blanks and 1 valid
7.2402 	DEBUG 	TextBox2 loaded 1 chars with 0 blanks and 1 valid
7.2410 	DEBUG 	TextBox2 loaded 1 chars with 0 blanks and 1 valid
7.2418 	DEBUG 	TextBox2 loaded 1 chars with 0 blanks and 1 valid
7.2425 	DEBUG 	TextBox2 loaded 1 chars with 0 blanks and 1 valid
7.2429 	DEBUG 	TextBox2 loaded 1 chars with 0 blanks and 1 valid
7.2436 	DEBUG 	TextBox2 loaded 1 chars with 0 blanks and 1 valid
7.2443 	DEBUG 	TextBox2 loaded 1 chars with 0 blanks and 1 valid
7.2450 	DEBUG 	TextBox2 loaded 1 chars with 0 blanks and 1 valid
7.2452 	DEBUG 	Uploading Texture Font fontname to graphics card
7.2457 	DEBUG 	Upload of Texture Font fontname complete
7.2516 	WARNING 	launchHubServer: If using the iohub mouse or eyetracker devices, fullScr should be True.
8.0946 	INFO 	keyboard.Keyboard is using iohub backend.
8.0946 	INFO 	keyboard.Keyboard is using iohub backend.
8.0946 	INFO 	keyboard.Keyboard is using iohub backend.
8.0946 	EXP 	Sternberg: status = STARTED
8.1601 	EXP 	Created WelcomeText = TextStim(__class__=<class 'psychopy.visual.text.TextStim'>, alignHoriz=method-wrapper(...), alignText='center', alignVert=method-wrapper(...), anchorHoriz='center', anchorVert='center', antialias=True, autoDraw=False, autoLog=True, bold=False, color=array([-1., -1., -1.]), colorSpace='rgb', contrast=1.0, depth=0.0, draggable=False, flipHoriz=False, flipVert=False, font='Arial', fontFiles=[], height=0.5, italic=False, languageStyle='LTR', name='WelcomeText', opacity=1, ori=0.0, pos=array([0., 0.]), rgb=UNKNOWN, text=str(...), units='height', win=Window(...), wrapWidth=1)
8.1901 	EXP 	Created text_norm = TextStim(__class__=<class 'psychopy.visual.text.TextStim'>, alignHoriz=method-wrapper(...), alignText='center', alignVert=method-wrapper(...), anchorHoriz='center', anchorVert='center', antialias=True, autoDraw=False, autoLog=True, bold=False, color=array([-1., -1., -1.]), colorSpace='rgb', contrast=1.0, depth=0.0, draggable=False, flipHoriz=False, flipVert=False, font='Arial', fontFiles=[], height=0.5, italic=False, languageStyle='LTR', name='text_norm', opacity=1, ori=0.0, pos=array([0., 0.]), rgb=UNKNOWN, text=str(...), units='norm', win=Window(...), wrapWidth=1.8)
0.0010 	EXP 	text_norm: alignText = 'left'
0.0234 	INFO 	Keyboard events cleared
0.0232 	EXP 	WelcomeText: autoDraw = True
5.2271 	DATA 	Mouse: Left button down, pos=(313,367)
5.3571 	DATA 	Mouse:  Left button up, pos=(313,367)
7.9319 	DATA 	Keypress: m
7.9331 	INFO 	Keyboard events cleared
7.9329 	EXP 	WelcomeText: autoDraw = False
7.9329 	EXP 	text_norm: autoDraw = True
7.9329 	EXP 	text_norm: height = 0.5
7.9329 	EXP 	text_norm: height = 0.5
7.9329 	EXP 	text_norm: height = 0.5
7.9329 	EXP 	text_norm: text = 'Any text\n\nincluding line breaks\n\nThis text component is white, so change the colour if you have a white background. It does not save the onset and offset time, but has been left justified with a wrap width of 1.8 norm units.\n\nPress the spacebar to continue'
9.4061 	DATA 	Keypress: comma
9.4091 	EXP 	text_norm: autoDraw = False
9.4103 	EXP 	Sternberg: status = STOPPED
9.4119 	INFO 	saved data to 'C:\\Users\\Ben\\Desktop\\Sternberg\\data/9290346_Sternberg_2025-03-06_12h07.35.558.csv'
9.4124 	INFO 	saved data to C:\Users\Ben\Desktop\Sternberg\data/9290346_Sternberg_2025-03-06_12h07.35.558.psydat
9.8561 	DEBUG 	Saving data for Sternberg ExperimentHandler
