5.6432 	DEBUG 	Fullscreen settings ignored as running in pilot mode.
5.6436 	INFO 	Loaded monitor calibration from ['2025_02_28 17:16']
6.1765 	EXP 	Created window1 = Window(allowGUI=False, allowStencil=False, autoLog=True, backendConf=UNKNOWN, backgroundFit=<method-wrapper '__getattribute__' of attributeSetter object at 0x0000018CD8467670>, backgroundImage=<method-wrapper '__getattribute__' of attributeSetter object at 0x0000018CD8467610>, bitsMode=UNKNOWN, blendMode='avg', bpc=(8, 8, 8), color=array([0, 0, 0]), colorSpace='rgb', depthBits=8, fullscr=False, gamma=None, gammaErrorPolicy='raise', infoMsg=UNKNOWN, lms=UNKNOWN, monitor=<psychopy.monitors.calibTools.Monitor object at 0x0000018CD8530C70>, multiSample=False, name='window1', numSamples=2, pos=[880.0, 420.0], screen=0, size=array([800, 600]), stencilBits=0, stereo=False, title='PsychoPy', units='height', useFBO=True, useRetina=False, viewOri=0.0, viewPos=None, viewScale=None, waitBlanking=True, winType='pyglet')
6.1766 	EXP 	window1: backgroundImage = ''
6.1766 	EXP 	window1: backgroundFit = 'none'
6.1812 	DEBUG 	TextBox2 loaded 1 chars with 0 blanks and 1 valid
6.1818 	DEBUG 	TextBox2 loaded 1 chars with 0 blanks and 1 valid
6.1824 	DEBUG 	TextBox2 loaded 1 chars with 0 blanks and 1 valid
6.1831 	DEBUG 	TextBox2 loaded 1 chars with 0 blanks and 1 valid
6.1837 	DEBUG 	TextBox2 loaded 1 chars with 0 blanks and 1 valid
6.1840 	DEBUG 	TextBox2 loaded 1 chars with 0 blanks and 1 valid
6.1846 	DEBUG 	TextBox2 loaded 1 chars with 0 blanks and 1 valid
6.1853 	DEBUG 	TextBox2 loaded 1 chars with 0 blanks and 1 valid
6.1856 	DEBUG 	TextBox2 loaded 1 chars with 0 blanks and 1 valid
6.1858 	DEBUG 	TextBox2 loaded 1 chars with 0 blanks and 1 valid
6.1863 	DEBUG 	TextBox2 loaded 1 chars with 0 blanks and 1 valid
6.1868 	DEBUG 	TextBox2 loaded 1 chars with 0 blanks and 1 valid
6.1873 	DEBUG 	TextBox2 loaded 1 chars with 0 blanks and 1 valid
6.1879 	DEBUG 	TextBox2 loaded 1 chars with 0 blanks and 1 valid
6.1884 	DEBUG 	TextBox2 loaded 1 chars with 0 blanks and 1 valid
6.1890 	DEBUG 	TextBox2 loaded 1 chars with 0 blanks and 1 valid
6.1895 	DEBUG 	TextBox2 loaded 1 chars with 0 blanks and 1 valid
6.1899 	DEBUG 	TextBox2 loaded 1 chars with 0 blanks and 1 valid
6.1903 	DEBUG 	TextBox2 loaded 1 chars with 0 blanks and 1 valid
6.1909 	DEBUG 	TextBox2 loaded 1 chars with 0 blanks and 1 valid
6.1912 	DEBUG 	TextBox2 loaded 1 chars with 0 blanks and 1 valid
6.1914 	DEBUG 	Uploading Texture Font fontname to graphics card
6.1925 	DEBUG 	Upload of Texture Font fontname complete
6.1968 	DEBUG 	TextBox2 loaded 1 chars with 0 blanks and 1 valid
6.1975 	DEBUG 	TextBox2 loaded 1 chars with 0 blanks and 1 valid
6.1982 	DEBUG 	TextBox2 loaded 1 chars with 0 blanks and 1 valid
6.1984 	DEBUG 	Uploading Texture Font fontname to graphics card
6.1988 	DEBUG 	Upload of Texture Font fontname complete
6.2002 	EXP 	window1: Attempting to measure frame rate of screen (0) ...
6.2002 	EXP 	window1: recordFrameIntervals = False
6.2474 	EXP 	window1: recordFrameIntervals = True
6.2941 	EXP 	Screen (0) actual frame rate measured at 239.06Hz
6.2941 	EXP 	window1: recordFrameIntervals = False
6.2972 	DEBUG 	TextBox2 loaded 1 chars with 0 blanks and 1 valid
6.2976 	DEBUG 	TextBox2 loaded 1 chars with 0 blanks and 1 valid
6.2982 	DEBUG 	TextBox2 loaded 1 chars with 0 blanks and 1 valid
6.2989 	DEBUG 	TextBox2 loaded 1 chars with 0 blanks and 1 valid
6.2996 	DEBUG 	TextBox2 loaded 1 chars with 0 blanks and 1 valid
6.3003 	DEBUG 	TextBox2 loaded 1 chars with 0 blanks and 1 valid
6.3007 	DEBUG 	TextBox2 loaded 1 chars with 0 blanks and 1 valid
6.3012 	DEBUG 	TextBox2 loaded 1 chars with 0 blanks and 1 valid
6.3018 	DEBUG 	TextBox2 loaded 1 chars with 0 blanks and 1 valid
6.3024 	DEBUG 	TextBox2 loaded 1 chars with 0 blanks and 1 valid
6.3026 	DEBUG 	Uploading Texture Font fontname to graphics card
6.3030 	DEBUG 	Upload of Texture Font fontname complete
6.3086 	WARNING 	launchHubServer: If using the iohub mouse or eyetracker devices, fullScr should be True.
7.1512 	INFO 	keyboard.Keyboard is using iohub backend.
7.1512 	INFO 	keyboard.Keyboard is using iohub backend.
7.1512 	EXP 	Sternberg: status = STARTED
7.2168 	EXP 	Created WelcomeText = TextStim(__class__=<class 'psychopy.visual.text.TextStim'>, alignHoriz=method-wrapper(...), alignText='center', alignVert=method-wrapper(...), anchorHoriz='center', anchorVert='center', antialias=True, autoDraw=False, autoLog=True, bold=False, color=array([-1., -1., -1.]), colorSpace='rgb', contrast=1.0, depth=0.0, draggable=False, flipHoriz=False, flipVert=False, font='Arial', fontFiles=[], height=0.5, italic=False, languageStyle='LTR', name='WelcomeText', opacity=1, ori=0.0, pos=array([0., 0.]), rgb=UNKNOWN, text=str(...), units='height', win=Window(...), wrapWidth=1)
7.2220 	EXP 	Created text_instr = TextStim(__class__=<class 'psychopy.visual.text.TextStim'>, alignHoriz=method-wrapper(...), alignText='center', alignVert=method-wrapper(...), anchorHoriz='center', anchorVert='center', antialias=True, autoDraw=False, autoLog=True, bold=False, color=array([1., 1., 1.]), colorSpace='rgb', contrast=1.0, depth=0.0, draggable=False, flipHoriz=False, flipVert=False, font='Arial', fontFiles=[], height=0.04, italic=False, languageStyle='LTR', name='text_instr', opacity=1, ori=0.0, pos=array([-0.3 ,  0.25]), rgb=UNKNOWN, text=str(...), units='height', win=Window(...), wrapWidth=1)
7.2225 	DEPRECATION 	Couldn't find image instruct1.png; check path? (tried: C:\Users\Ben\Desktop\Sternberg\instruct1.png)
7.2309 	DEBUG 	Saving data for Sternberg ExperimentHandler
7.2314 	INFO 	saved data to C:\Users\Ben\Desktop\Sternberg\data/974854_Sternberg_2025-03-06_12h04.15.736.psydat
7.2317 	INFO 	saved data to 'C:\\Users\\Ben\\Desktop\\Sternberg\\data/974854_Sternberg_2025-03-06_12h04.15.736.csv'
