10.2948 	INFO 	Loaded monitor calibration from ['2025_06_30 14:54']
10.6449 	WARNING 	User requested fullscreen with size [1707 1067], but screen is actually [1920, 1080]. Using actual size
12.0406 	EXP 	Created window1 = Window(allowGUI=False, allowStencil=False, autoLog=True, backendConf=UNKNOWN, backgroundFit=<method-wrapper '__getattribute__' of attributeSetter object at 0x000001DB76C12080>, backgroundImage=<method-wrapper '__getattribute__' of attributeSetter object at 0x000001DB76C12020>, bitsMode=UNKNOWN, blendMode='avg', bpc=(8, 8, 8), color=array([-1., -1., -1.]), colorSpace='rgb', depthBits=8, fullscr=True, gamma=None, gammaErrorPolicy='raise', infoMsg=UNKNOWN, lms=UNKNOWN, monitor=<psychopy.monitors.calibTools.Monitor object at 0x000001DB76CD7910>, multiSample=False, name='window1', numSamples=2, pos=[0.0, 0.0], screen=0, size=array([1920, 1080]), stencilBits=0, stereo=False, title='PsychoPy', units='height', useFBO=True, useRetina=False, viewOri=0.0, viewPos=None, viewScale=None, waitBlanking=True, winType='pyglet')
12.0406 	EXP 	window1: backgroundImage = ''
12.0407 	EXP 	window1: backgroundFit = 'fill'
12.1260 	EXP 	window1: Attempting to measure frame rate of screen (0) ...
12.1260 	EXP 	window1: recordFrameIntervals = False
12.3714 	EXP 	window1: recordFrameIntervals = True
12.5545 	EXP 	Screen (0) actual frame rate measured at 60.12Hz
12.5545 	EXP 	window1: recordFrameIntervals = False
15.9937 	INFO 	keyboard.Keyboard is using iohub backend.
15.9938 	INFO 	keyboard.Keyboard is using iohub backend.
15.9939 	INFO 	keyboard.Keyboard is using iohub backend.
15.9940 	INFO 	keyboard.Keyboard is using iohub backend.
15.9942 	INFO 	keyboard.Keyboard is using iohub backend.
15.9945 	EXP 	maintrial_sternberg: status = STARTED
16.1220 	EXP 	Created intro_disp = TextStim(__class__=<class 'psychopy.visual.text.TextStim'>, alignHoriz=method-wrapper(...), alignText='center', alignVert=method-wrapper(...), anchorHoriz='center', anchorVert='center', antialias=True, autoDraw=False, autoLog=True, bold=False, color=array([1., 1., 1.]), colorSpace='rgb', contrast=1.0, depth=0.0, draggable=False, flipHoriz=False, flipVert=False, font=' Noto Mono', fontFiles=[], height=0.1, italic=False, languageStyle='LTR', name='intro_disp', opacity=1, ori=0.0, pos=array([0., 0.]), rgb=UNKNOWN, text='', units='height', win=Window(...), wrapWidth=1)
16.1258 	EXP 	Created intro_small = TextStim(__class__=<class 'psychopy.visual.text.TextStim'>, alignHoriz=method-wrapper(...), alignText='center', alignVert=method-wrapper(...), anchorHoriz='center', anchorVert='center', antialias=True, autoDraw=False, autoLog=True, bold=False, color=array([1., 1., 1.]), colorSpace='rgb', contrast=1.0, depth=-3.0, draggable=False, flipHoriz=False, flipVert=False, font=' Noto Mono', fontFiles=[], height=0.05, italic=False, languageStyle='LTR', name='intro_small', opacity=1, ori=0.0, pos=array([ 0. , -0.3]), rgb=UNKNOWN, text='', units='height', win=Window(...), wrapWidth=1)
16.4073 	EXP 	Created text_cross = TextStim(__class__=<class 'psychopy.visual.text.TextStim'>, alignHoriz=method-wrapper(...), alignText='center', alignVert=method-wrapper(...), anchorHoriz='center', anchorVert='center', antialias=True, autoDraw=False, autoLog=True, bold=False, color=array([1., 1., 1.]), colorSpace='rgb', contrast=1.0, depth=-1.0, draggable=False, flipHoriz=False, flipVert=False, font='Arial', fontFiles=[], height=0.3, italic=False, languageStyle='LTR', name='text_cross', opacity=1, ori=0.0, pos=array([0., 0.]), rgb=UNKNOWN, text='+', units='height', win=Window(...), wrapWidth=1)
16.4107 	EXP 	Created string_prompt_disp = TextStim(__class__=<class 'psychopy.visual.text.TextStim'>, alignHoriz=method-wrapper(...), alignText='center', alignVert=method-wrapper(...), anchorHoriz='center', anchorVert='center', antialias=True, autoDraw=False, autoLog=True, bold=False, color=array([1., 1., 1.]), colorSpace='rgb', contrast=1.0, depth=0.0, draggable=False, flipHoriz=False, flipVert=False, font=' Noto Mono', fontFiles=[], height=0.17, italic=False, languageStyle='LTR', name='string_prompt_disp', opacity=1, ori=0.0, pos=array([0., 0.]), rgb=UNKNOWN, text='', units='height', win=Window(...), wrapWidth=1)
16.4153 	EXP 	Created blank_screen = ImageStim(__class__=<class 'psychopy.visual.image.ImageStim'>, anchor=('center', 'center'), autoLog=True, color=array([-1., -1., -1.]), colorSpace='rgb', contrast=1.0, depth=0.0, draggable=False, flipHoriz=False, flipVert=False, image=None, interpolate=True, mask=None, maskParams=None, name='blank_screen', opacity=1, ori=0.0, pos=array([0., 0.]), size=array([0.5, 0.5]), texRes=128.0, units='height', win=Window(...))
16.4186 	EXP 	Created key_response_disp = TextStim(__class__=<class 'psychopy.visual.text.TextStim'>, alignHoriz=method-wrapper(...), alignText='center', alignVert=method-wrapper(...), anchorHoriz='center', anchorVert='center', antialias=True, autoDraw=False, autoLog=True, bold=False, color=array([1., 1., 1.]), colorSpace='rgb', contrast=1.0, depth=-1.0, draggable=False, flipHoriz=False, flipVert=False, font=' Noto Mono', fontFiles=[], height=0.18, italic=False, languageStyle='LTR', name='key_response_disp', opacity=1, ori=0.0, pos=array([0., 0.]), rgb=UNKNOWN, text='', units='height', win=Window(...), wrapWidth=1)
16.4212 	EXP 	Created fb_disp = TextStim(__class__=<class 'psychopy.visual.text.TextStim'>, alignHoriz=method-wrapper(...), alignText='center', alignVert=method-wrapper(...), anchorHoriz='center', anchorVert='center', antialias=True, autoDraw=False, autoLog=True, bold=False, color=array([1., 1., 1.]), colorSpace='rgb', contrast=1.0, depth=-1.0, draggable=False, flipHoriz=False, flipVert=False, font=' Noto Mono', fontFiles=[], height=0.1, italic=False, languageStyle='LTR', name='fb_disp', opacity=1, ori=0.0, pos=array([0., 0.]), rgb=UNKNOWN, text='', units='height', win=Window(...), wrapWidth=1)
16.4235 	EXP 	Created fb_break = TextStim(__class__=<class 'psychopy.visual.text.TextStim'>, alignHoriz=method-wrapper(...), alignText='center', alignVert=method-wrapper(...), anchorHoriz='center', anchorVert='center', antialias=True, autoDraw=False, autoLog=True, bold=False, color=array([1., 1., 1.]), colorSpace='rgb', contrast=1.0, depth=-2.0, draggable=False, flipHoriz=False, flipVert=False, font='Open Sans', fontFiles=[], height=0.1, italic=False, languageStyle='LTR', name='fb_break', opacity=1, ori=0.0, pos=array([ 0. , -0.3]), rgb=UNKNOWN, text='', units='height', win=Window(...), wrapWidth=1)
16.4252 	EXP 	Created text_countdown = TextStim(__class__=<class 'psychopy.visual.text.TextStim'>, alignHoriz=method-wrapper(...), alignText='center', alignVert=method-wrapper(...), anchorHoriz='center', anchorVert='center', antialias=True, autoDraw=False, autoLog=True, bold=False, color=array([1., 1., 1.]), colorSpace='rgb', contrast=1.0, depth=0.0, draggable=False, flipHoriz=False, flipVert=False, font='Open Sans', fontFiles=[], height=0.1, italic=False, languageStyle='LTR', name='text_countdown', opacity=1, ori=0.0, pos=array([0., 0.]), rgb=UNKNOWN, text='', units='height', win=Window(...), wrapWidth=1)
16.4273 	EXP 	Created black_screen = Rect(__class__=<class 'psychopy.visual.rect.Rect'>, anchor=('center', 'center'), autoDraw=False, autoLog=True, closeShape=True, color=method-wrapper(...), colorSpace='rgb', contrast=None, depth=-1.0, draggable=False, fillColor=array([-1., -1., -1.]), fillColorSpace='rgb', fillRGB=array([-1., -1., -1.]), interpolate=True, lineColor=array([-1., -1., -1.]), lineColorSpace='rgb', lineRGB=array([-1., -1., -1.]), lineWidth=1.0, name='black_screen', opacity=1, ori=0.0, pos=array([0., 0.]), size=array([0.5, 0.5]), units='height', vertices=ndarray(...), win=Window(...))
16.4284 	EXP 	Created end_text_block = TextStim(__class__=<class 'psychopy.visual.text.TextStim'>, alignHoriz=method-wrapper(...), alignText='center', alignVert=method-wrapper(...), anchorHoriz='center', anchorVert='center', antialias=True, autoDraw=False, autoLog=True, bold=False, color=array([1., 1., 1.]), colorSpace='rgb', contrast=1.0, depth=0.0, draggable=False, flipHoriz=False, flipVert=False, font=' Noto Mono', fontFiles=[], height=0.1, italic=False, languageStyle='LTR', name='end_text_block', opacity=1, ori=0.0, pos=array([0., 0.]), rgb=UNKNOWN, text='', units='height', win=Window(...), wrapWidth=1)
0.0758 	EXP 	intro_disp: height = 0.1
0.0758 	EXP 	intro_disp: height = 0.1
0.0758 	EXP 	intro_disp: height = 0.1
0.0758 	EXP 	intro_disp: text = 'Hello! Thank you for participating in the Sternberg Working Memory Task.'
0.0758 	EXP 	intro_small: height = 0.05
0.0758 	EXP 	intro_small: height = 0.05
0.0758 	EXP 	intro_small: height = 0.05
0.0758 	EXP 	intro_small: text = 'Please wait for the experimenter to continue.'
0.0758 	EXP 	intro_disp: autoDraw = True
0.0758 	EXP 	intro_small: autoDraw = True
10.4404 	DATA 	Keypress: comma
10.4611 	EXP 	New trial (rep=0, index=0): <Trial 0 (0 in rep 0) data={'thisN': 0, 'thisTrialN': 0, 'thisRepN': 0}>
10.4760 	EXP 	intro_disp: autoDraw = False
10.4760 	EXP 	intro_small: autoDraw = False
10.4760 	EXP 	text_cross: autoDraw = True
20.4760 	EXP 	text_cross: autoDraw = False
20.4760 	EXP 	text_cross: autoDraw = False
20.4760 	EXP 	string_prompt_disp: height = 0.17
20.4760 	EXP 	string_prompt_disp: height = 0.17
20.4760 	EXP 	string_prompt_disp: height = 0.17
20.4760 	EXP 	string_prompt_disp: text = 'j q o'
20.4760 	EXP 	string_prompt_disp: autoDraw = True
23.9762 	EXP 	string_prompt_disp: autoDraw = False
23.9762 	EXP 	string_prompt_disp: autoDraw = False
23.9762 	EXP 	blank_screen: autoDraw = True
28.5600 	INFO 	Keyboard events cleared
28.5596 	EXP 	blank_screen: autoDraw = False
28.5596 	EXP 	blank_screen: autoDraw = False
28.5596 	EXP 	key_response_disp: height = 0.18
28.5596 	EXP 	key_response_disp: height = 0.18
28.5596 	EXP 	key_response_disp: height = 0.18
28.5596 	EXP 	key_response_disp: text = 't'
28.5596 	EXP 	key_response_disp: autoDraw = True
29.1111 	DATA 	Keypress: m
29.8953 	INFO 	Keyboard events cleared
29.8992 	DATA 	Keypress: comma
29.9096 	EXP 	key_response_disp: autoDraw = False
29.9096 	EXP 	fb_disp: foreColor = <psychopy.colors.Color: white, alpha=1.0>
29.9096 	EXP 	fb_disp: text = ''
29.9096 	EXP 	fb_break: text = ''
29.9096 	EXP 	fb_disp: autoDraw = True
29.9096 	EXP 	fb_disp: autoDraw = False
29.9096 	EXP 	fb_break: autoDraw = True
29.9096 	EXP 	fb_break: autoDraw = False
29.9096 	EXP 	fb_disp: autoDraw = False
29.9096 	EXP 	fb_break: autoDraw = False
29.9096 	EXP 	text_countdown: autoDraw = False
29.9096 	EXP 	black_screen: autoDraw = True
33.2770 	EXP 	New trial (rep=1, index=0): <Trial 1 (0 in rep 1) data={'thisN': 1, 'thisTrialN': 0, 'thisRepN': 1}>
33.2929 	EXP 	black_screen: autoDraw = False
33.2929 	EXP 	black_screen: autoDraw = False
33.2929 	EXP 	text_cross: autoDraw = False
33.2929 	EXP 	string_prompt_disp: height = 0.17
33.2929 	EXP 	string_prompt_disp: height = 0.17
33.2929 	EXP 	string_prompt_disp: height = 0.17
33.2929 	EXP 	string_prompt_disp: text = 'x c h'
33.2929 	EXP 	string_prompt_disp: autoDraw = True
36.7931 	EXP 	string_prompt_disp: autoDraw = False
36.7931 	EXP 	string_prompt_disp: autoDraw = False
36.7931 	EXP 	blank_screen: autoDraw = True
41.4269 	INFO 	Keyboard events cleared
41.4264 	EXP 	blank_screen: autoDraw = False
41.4264 	EXP 	blank_screen: autoDraw = False
41.4264 	EXP 	key_response_disp: height = 0.18
41.4264 	EXP 	key_response_disp: height = 0.18
41.4264 	EXP 	key_response_disp: height = 0.18
41.4264 	EXP 	key_response_disp: text = 'x'
41.4264 	EXP 	key_response_disp: autoDraw = True
42.0466 	INFO 	Keyboard events cleared
42.0499 	DATA 	Keypress: period
42.0598 	EXP 	key_response_disp: autoDraw = False
42.0598 	EXP 	fb_disp: foreColor = <psychopy.colors.Color: white, alpha=1.0>
42.0598 	EXP 	fb_disp: text = ''
42.0598 	EXP 	fb_break: text = ''
42.0598 	EXP 	fb_disp: autoDraw = True
42.0598 	EXP 	fb_disp: autoDraw = False
42.0598 	EXP 	fb_break: autoDraw = True
42.0598 	EXP 	fb_break: autoDraw = False
42.0598 	EXP 	fb_disp: autoDraw = False
42.0598 	EXP 	fb_break: autoDraw = False
42.0598 	EXP 	text_countdown: autoDraw = False
42.0598 	EXP 	black_screen: autoDraw = True
45.0604 	EXP 	New trial (rep=2, index=0): <Trial 2 (0 in rep 2) data={'thisN': 2, 'thisTrialN': 0, 'thisRepN': 2}>
45.0932 	EXP 	black_screen: autoDraw = False
45.0932 	EXP 	black_screen: autoDraw = False
45.0932 	EXP 	text_cross: autoDraw = False
45.0932 	EXP 	string_prompt_disp: height = 0.17
45.0932 	EXP 	string_prompt_disp: height = 0.17
45.0932 	EXP 	string_prompt_disp: height = 0.17
45.0932 	EXP 	string_prompt_disp: text = 'b g x'
45.0932 	EXP 	string_prompt_disp: autoDraw = True
48.5932 	EXP 	string_prompt_disp: autoDraw = False
48.5932 	EXP 	string_prompt_disp: autoDraw = False
48.5932 	EXP 	blank_screen: autoDraw = True
53.2938 	INFO 	Keyboard events cleared
53.2933 	EXP 	blank_screen: autoDraw = False
53.2933 	EXP 	blank_screen: autoDraw = False
53.2933 	EXP 	key_response_disp: height = 0.18
53.2933 	EXP 	key_response_disp: height = 0.18
53.2933 	EXP 	key_response_disp: height = 0.18
53.2933 	EXP 	key_response_disp: text = 'z'
53.2933 	EXP 	key_response_disp: autoDraw = True
54.0452 	INFO 	Keyboard events cleared
54.0488 	DATA 	Keypress: comma
54.0599 	EXP 	key_response_disp: autoDraw = False
54.0599 	EXP 	fb_disp: foreColor = <psychopy.colors.Color: white, alpha=1.0>
54.0599 	EXP 	fb_disp: text = ''
54.0599 	EXP 	fb_break: text = ''
54.0599 	EXP 	fb_disp: autoDraw = True
54.0599 	EXP 	fb_disp: autoDraw = False
54.0599 	EXP 	fb_break: autoDraw = True
54.0599 	EXP 	fb_break: autoDraw = False
54.0599 	EXP 	fb_disp: autoDraw = False
54.0599 	EXP 	fb_break: autoDraw = False
54.0599 	EXP 	text_countdown: autoDraw = False
54.0599 	EXP 	black_screen: autoDraw = True
55.6773 	EXP 	New trial (rep=3, index=0): <Trial 3 (0 in rep 3) data={'thisN': 3, 'thisTrialN': 0, 'thisRepN': 3}>
55.6933 	EXP 	black_screen: autoDraw = False
55.6933 	EXP 	black_screen: autoDraw = False
55.6933 	EXP 	text_cross: autoDraw = False
55.6933 	EXP 	string_prompt_disp: height = 0.17
55.6933 	EXP 	string_prompt_disp: height = 0.17
55.6933 	EXP 	string_prompt_disp: height = 0.17
55.6933 	EXP 	string_prompt_disp: text = 'n z x'
55.6933 	EXP 	string_prompt_disp: autoDraw = True
59.1933 	EXP 	string_prompt_disp: autoDraw = False
59.1933 	EXP 	string_prompt_disp: autoDraw = False
59.1933 	EXP 	blank_screen: autoDraw = True
63.8437 	INFO 	Keyboard events cleared
63.8433 	EXP 	blank_screen: autoDraw = False
63.8433 	EXP 	blank_screen: autoDraw = False
63.8433 	EXP 	key_response_disp: height = 0.18
63.8433 	EXP 	key_response_disp: height = 0.18
63.8433 	EXP 	key_response_disp: height = 0.18
63.8433 	EXP 	key_response_disp: text = 'a'
63.8433 	EXP 	key_response_disp: autoDraw = True
64.5466 	INFO 	Keyboard events cleared
64.5501 	DATA 	Keypress: comma
64.5600 	EXP 	key_response_disp: autoDraw = False
64.5600 	EXP 	fb_disp: foreColor = <psychopy.colors.Color: white, alpha=1.0>
64.5600 	EXP 	fb_disp: text = ''
64.5600 	EXP 	fb_break: text = ''
64.5600 	EXP 	fb_disp: autoDraw = True
64.5600 	EXP 	fb_disp: autoDraw = False
64.5600 	EXP 	fb_break: autoDraw = True
64.5600 	EXP 	fb_break: autoDraw = False
64.5600 	EXP 	fb_disp: autoDraw = False
64.5600 	EXP 	fb_break: autoDraw = False
64.5600 	EXP 	text_countdown: autoDraw = False
64.5600 	EXP 	black_screen: autoDraw = True
66.9441 	EXP 	New trial (rep=4, index=0): <Trial 4 (0 in rep 4) data={'thisN': 4, 'thisTrialN': 0, 'thisRepN': 4}>
66.9601 	EXP 	black_screen: autoDraw = False
66.9601 	EXP 	black_screen: autoDraw = False
66.9601 	EXP 	text_cross: autoDraw = False
66.9601 	EXP 	string_prompt_disp: height = 0.17
66.9601 	EXP 	string_prompt_disp: height = 0.17
66.9601 	EXP 	string_prompt_disp: height = 0.17
66.9601 	EXP 	string_prompt_disp: text = 'r s v'
66.9601 	EXP 	string_prompt_disp: autoDraw = True
70.4601 	EXP 	string_prompt_disp: autoDraw = False
70.4601 	EXP 	string_prompt_disp: autoDraw = False
70.4601 	EXP 	blank_screen: autoDraw = True
74.1107 	INFO 	Keyboard events cleared
74.1101 	EXP 	blank_screen: autoDraw = False
74.1101 	EXP 	blank_screen: autoDraw = False
74.1101 	EXP 	key_response_disp: height = 0.18
74.1101 	EXP 	key_response_disp: height = 0.18
74.1101 	EXP 	key_response_disp: height = 0.18
74.1101 	EXP 	key_response_disp: text = 'k'
74.1101 	EXP 	key_response_disp: autoDraw = True
74.3793 	INFO 	Keyboard events cleared
74.3831 	DATA 	Keypress: comma
74.3935 	EXP 	key_response_disp: autoDraw = False
74.3935 	EXP 	fb_disp: foreColor = <psychopy.colors.Color: white, alpha=1.0>
74.3935 	EXP 	fb_disp: text = ''
74.3935 	EXP 	fb_break: text = ''
74.3935 	EXP 	fb_disp: autoDraw = True
74.3935 	EXP 	fb_disp: autoDraw = False
74.3935 	EXP 	fb_break: autoDraw = True
74.3935 	EXP 	fb_break: autoDraw = False
74.3935 	EXP 	fb_disp: autoDraw = False
74.3935 	EXP 	fb_break: autoDraw = False
74.3935 	EXP 	text_countdown: autoDraw = False
74.3935 	EXP 	black_screen: autoDraw = True
77.0442 	EXP 	New trial (rep=5, index=0): <Trial 5 (0 in rep 5) data={'thisN': 5, 'thisTrialN': 0, 'thisRepN': 5}>
77.0602 	EXP 	black_screen: autoDraw = False
77.0602 	EXP 	black_screen: autoDraw = False
77.0602 	EXP 	text_cross: autoDraw = False
77.0602 	EXP 	string_prompt_disp: height = 0.17
77.0602 	EXP 	string_prompt_disp: height = 0.17
77.0602 	EXP 	string_prompt_disp: height = 0.17
77.0602 	EXP 	string_prompt_disp: text = 'b s j'
77.0602 	EXP 	string_prompt_disp: autoDraw = True
80.5602 	EXP 	string_prompt_disp: autoDraw = False
80.5602 	EXP 	string_prompt_disp: autoDraw = False
80.5602 	EXP 	blank_screen: autoDraw = True
84.2942 	INFO 	Keyboard events cleared
84.2936 	EXP 	blank_screen: autoDraw = False
84.2936 	EXP 	blank_screen: autoDraw = False
84.2936 	EXP 	key_response_disp: height = 0.18
84.2936 	EXP 	key_response_disp: height = 0.18
84.2936 	EXP 	key_response_disp: height = 0.18
84.2936 	EXP 	key_response_disp: text = 'j'
84.2936 	EXP 	key_response_disp: autoDraw = True
84.6624 	INFO 	Keyboard events cleared
84.6655 	DATA 	Keypress: period
84.6769 	EXP 	key_response_disp: autoDraw = False
84.6769 	EXP 	fb_disp: foreColor = <psychopy.colors.Color: white, alpha=1.0>
84.6769 	EXP 	fb_disp: text = ''
84.6769 	EXP 	fb_break: text = ''
84.6769 	EXP 	fb_disp: autoDraw = True
84.6769 	EXP 	fb_disp: autoDraw = False
84.6769 	EXP 	fb_break: autoDraw = True
84.6769 	EXP 	fb_break: autoDraw = False
84.6769 	EXP 	fb_disp: autoDraw = False
84.6769 	EXP 	fb_break: autoDraw = False
84.6769 	EXP 	text_countdown: autoDraw = False
84.6769 	EXP 	black_screen: autoDraw = True
87.7943 	EXP 	New trial (rep=6, index=0): <Trial 6 (0 in rep 6) data={'thisN': 6, 'thisTrialN': 0, 'thisRepN': 6}>
87.8103 	EXP 	black_screen: autoDraw = False
87.8103 	EXP 	black_screen: autoDraw = False
87.8103 	EXP 	text_cross: autoDraw = False
87.8103 	EXP 	string_prompt_disp: height = 0.17
87.8103 	EXP 	string_prompt_disp: height = 0.17
87.8103 	EXP 	string_prompt_disp: height = 0.17
87.8103 	EXP 	string_prompt_disp: text = 'p l t'
87.8103 	EXP 	string_prompt_disp: autoDraw = True
91.3103 	EXP 	string_prompt_disp: autoDraw = False
91.3103 	EXP 	string_prompt_disp: autoDraw = False
91.3103 	EXP 	blank_screen: autoDraw = True
95.7776 	INFO 	Keyboard events cleared
95.7771 	EXP 	blank_screen: autoDraw = False
95.7771 	EXP 	blank_screen: autoDraw = False
95.7771 	EXP 	key_response_disp: height = 0.18
95.7771 	EXP 	key_response_disp: height = 0.18
95.7771 	EXP 	key_response_disp: height = 0.18
95.7771 	EXP 	key_response_disp: text = 'h'
95.7771 	EXP 	key_response_disp: autoDraw = True
96.0459 	INFO 	Keyboard events cleared
96.0493 	DATA 	Keypress: comma
96.0604 	EXP 	key_response_disp: autoDraw = False
96.0604 	EXP 	fb_disp: foreColor = <psychopy.colors.Color: white, alpha=1.0>
96.0604 	EXP 	fb_disp: text = ''
96.0604 	EXP 	fb_break: text = ''
96.0604 	EXP 	fb_disp: autoDraw = True
96.0604 	EXP 	fb_disp: autoDraw = False
96.0604 	EXP 	fb_break: autoDraw = True
96.0604 	EXP 	fb_break: autoDraw = False
96.0604 	EXP 	fb_disp: autoDraw = False
96.0604 	EXP 	fb_break: autoDraw = False
96.0604 	EXP 	text_countdown: autoDraw = False
96.0604 	EXP 	black_screen: autoDraw = True
99.4612 	EXP 	New trial (rep=7, index=0): <Trial 7 (0 in rep 7) data={'thisN': 7, 'thisTrialN': 0, 'thisRepN': 7}>
99.4771 	EXP 	black_screen: autoDraw = False
99.4771 	EXP 	black_screen: autoDraw = False
99.4771 	EXP 	text_cross: autoDraw = False
99.4771 	EXP 	string_prompt_disp: height = 0.17
99.4771 	EXP 	string_prompt_disp: height = 0.17
99.4771 	EXP 	string_prompt_disp: height = 0.17
99.4771 	EXP 	string_prompt_disp: text = 'e v h'
99.4771 	EXP 	string_prompt_disp: autoDraw = True
102.9772 	EXP 	string_prompt_disp: autoDraw = False
102.9772 	EXP 	string_prompt_disp: autoDraw = False
102.9772 	EXP 	blank_screen: autoDraw = True
106.6610 	INFO 	Keyboard events cleared
106.6605 	EXP 	blank_screen: autoDraw = False
106.6605 	EXP 	blank_screen: autoDraw = False
106.6605 	EXP 	key_response_disp: height = 0.18
106.6605 	EXP 	key_response_disp: height = 0.18
106.6605 	EXP 	key_response_disp: height = 0.18
106.6605 	EXP 	key_response_disp: text = 'v'
106.6605 	EXP 	key_response_disp: autoDraw = True
107.1470 	INFO 	Keyboard events cleared
107.1498 	DATA 	Keypress: comma
107.1605 	EXP 	key_response_disp: autoDraw = False
107.1605 	EXP 	fb_disp: foreColor = <psychopy.colors.Color: white, alpha=1.0>
107.1605 	EXP 	fb_disp: text = ''
107.1605 	EXP 	fb_break: text = ''
107.1605 	EXP 	fb_disp: autoDraw = True
107.1605 	EXP 	fb_disp: autoDraw = False
107.1605 	EXP 	fb_break: autoDraw = True
107.1605 	EXP 	fb_break: autoDraw = False
107.1605 	EXP 	fb_disp: autoDraw = False
107.1605 	EXP 	fb_break: autoDraw = False
107.1605 	EXP 	text_countdown: autoDraw = False
107.1605 	EXP 	black_screen: autoDraw = True
109.6779 	EXP 	New trial (rep=8, index=0): <Trial 8 (0 in rep 8) data={'thisN': 8, 'thisTrialN': 0, 'thisRepN': 8}>
109.6939 	EXP 	black_screen: autoDraw = False
109.6939 	EXP 	black_screen: autoDraw = False
109.6939 	EXP 	text_cross: autoDraw = False
109.6939 	EXP 	string_prompt_disp: height = 0.17
109.6939 	EXP 	string_prompt_disp: height = 0.17
109.6939 	EXP 	string_prompt_disp: height = 0.17
109.6939 	EXP 	string_prompt_disp: text = 'h f e'
109.6939 	EXP 	string_prompt_disp: autoDraw = True
113.1939 	EXP 	string_prompt_disp: autoDraw = False
113.1939 	EXP 	string_prompt_disp: autoDraw = False
113.1939 	EXP 	blank_screen: autoDraw = True
117.7443 	INFO 	Keyboard events cleared
117.7440 	EXP 	blank_screen: autoDraw = False
117.7440 	EXP 	blank_screen: autoDraw = False
117.7440 	EXP 	key_response_disp: height = 0.18
117.7440 	EXP 	key_response_disp: height = 0.18
117.7440 	EXP 	key_response_disp: height = 0.18
117.7440 	EXP 	key_response_disp: text = 'h'
117.7440 	EXP 	key_response_disp: autoDraw = True
118.0962 	INFO 	Keyboard events cleared
118.0997 	DATA 	Keypress: period
118.1106 	EXP 	key_response_disp: autoDraw = False
118.1106 	EXP 	fb_disp: foreColor = <psychopy.colors.Color: white, alpha=1.0>
118.1106 	EXP 	fb_disp: text = ''
118.1106 	EXP 	fb_break: text = ''
118.1106 	EXP 	fb_disp: autoDraw = True
118.1106 	EXP 	fb_disp: autoDraw = False
118.1106 	EXP 	fb_break: autoDraw = True
118.1106 	EXP 	fb_break: autoDraw = False
118.1106 	EXP 	fb_disp: autoDraw = False
118.1106 	EXP 	fb_break: autoDraw = False
118.1106 	EXP 	text_countdown: autoDraw = False
118.1106 	EXP 	black_screen: autoDraw = True
120.6613 	EXP 	New trial (rep=9, index=0): <Trial 9 (0 in rep 9) data={'thisN': 9, 'thisTrialN': 0, 'thisRepN': 9}>
120.6940 	EXP 	black_screen: autoDraw = False
120.6940 	EXP 	black_screen: autoDraw = False
120.6940 	EXP 	text_cross: autoDraw = False
120.6940 	EXP 	string_prompt_disp: height = 0.17
120.6940 	EXP 	string_prompt_disp: height = 0.17
120.6940 	EXP 	string_prompt_disp: height = 0.17
120.6940 	EXP 	string_prompt_disp: text = 'o d m'
120.6940 	EXP 	string_prompt_disp: autoDraw = True
124.1941 	EXP 	string_prompt_disp: autoDraw = False
124.1941 	EXP 	string_prompt_disp: autoDraw = False
124.1941 	EXP 	blank_screen: autoDraw = True
127.3945 	INFO 	Keyboard events cleared
127.3941 	EXP 	blank_screen: autoDraw = False
127.3941 	EXP 	blank_screen: autoDraw = False
127.3941 	EXP 	key_response_disp: height = 0.18
127.3941 	EXP 	key_response_disp: height = 0.18
127.3941 	EXP 	key_response_disp: height = 0.18
127.3941 	EXP 	key_response_disp: text = 'y'
127.3941 	EXP 	key_response_disp: autoDraw = True
127.9127 	DATA 	Keypress: period
127.9755 	INFO 	Keyboard events cleared
127.9941 	EXP 	key_response_disp: autoDraw = False
127.9941 	EXP 	fb_disp: foreColor = <psychopy.colors.Color: white, alpha=1.0>
127.9941 	EXP 	fb_disp: height = 0.1
127.9941 	EXP 	fb_disp: height = 0.1
127.9941 	EXP 	fb_disp: height = 0.1
127.9941 	EXP 	fb_disp: text = 'feedback:\n✓ ✓ ✓ ✓ ✓ \n✓ ✓ ✕ ✓ ✕ '
127.9941 	EXP 	fb_break: height = 0.1
127.9941 	EXP 	fb_break: height = 0.1
127.9941 	EXP 	fb_break: height = 0.1
127.9941 	EXP 	fb_break: text = 'test will resume in 20 seconds'
127.9941 	EXP 	fb_disp: autoDraw = True
127.9941 	EXP 	fb_break: autoDraw = True
137.9942 	EXP 	fb_disp: autoDraw = False
137.9942 	EXP 	fb_break: autoDraw = False
137.9942 	EXP 	fb_disp: autoDraw = False
137.9942 	EXP 	fb_break: autoDraw = False
137.9942 	EXP 	text_countdown: autoDraw = True
147.9943 	EXP 	text_countdown: autoDraw = False
147.9943 	EXP 	text_countdown: autoDraw = False
147.9943 	EXP 	black_screen: autoDraw = True
149.5948 	EXP 	New trial (rep=10, index=0): <Trial 10 (0 in rep 10) data={'thisN': 10, 'thisTrialN': 0, 'thisRepN': 10}>
149.6110 	EXP 	black_screen: autoDraw = False
149.6110 	EXP 	black_screen: autoDraw = False
149.6110 	EXP 	text_cross: autoDraw = True
159.6112 	EXP 	text_cross: autoDraw = False
159.6112 	EXP 	text_cross: autoDraw = False
159.6112 	EXP 	string_prompt_disp: height = 0.17
159.6112 	EXP 	string_prompt_disp: height = 0.17
159.6112 	EXP 	string_prompt_disp: height = 0.17
159.6112 	EXP 	string_prompt_disp: text = 'v n r c p'
159.6112 	EXP 	string_prompt_disp: autoDraw = True
163.1112 	EXP 	string_prompt_disp: autoDraw = False
163.1112 	EXP 	string_prompt_disp: autoDraw = False
163.1112 	EXP 	blank_screen: autoDraw = True
166.6284 	INFO 	Keyboard events cleared
166.6279 	EXP 	blank_screen: autoDraw = False
166.6279 	EXP 	blank_screen: autoDraw = False
166.6279 	EXP 	key_response_disp: height = 0.18
166.6279 	EXP 	key_response_disp: height = 0.18
166.6279 	EXP 	key_response_disp: height = 0.18
166.6279 	EXP 	key_response_disp: text = 'q'
166.6279 	EXP 	key_response_disp: autoDraw = True
167.0137 	INFO 	Keyboard events cleared
167.0158 	DATA 	Keypress: period
167.0279 	EXP 	key_response_disp: autoDraw = False
167.0279 	EXP 	fb_disp: foreColor = <psychopy.colors.Color: white, alpha=1.0>
167.0279 	EXP 	fb_disp: text = 'feedback:\n✓ ✓ ✓ ✓ ✓ \n✓ ✓ ✕ ✓ ✕ '
167.0279 	EXP 	fb_break: height = 0.1
167.0279 	EXP 	fb_break: height = 0.1
167.0279 	EXP 	fb_break: height = 0.1
167.0279 	EXP 	fb_break: text = ''
167.0279 	EXP 	fb_disp: autoDraw = True
167.0279 	EXP 	fb_disp: autoDraw = False
167.0279 	EXP 	fb_break: autoDraw = True
167.0279 	EXP 	fb_break: autoDraw = False
167.0279 	EXP 	fb_disp: autoDraw = False
167.0279 	EXP 	fb_break: autoDraw = False
167.0279 	EXP 	text_countdown: autoDraw = False
167.0279 	EXP 	black_screen: autoDraw = True
168.6786 	EXP 	New trial (rep=11, index=0): <Trial 11 (0 in rep 11) data={'thisN': 11, 'thisTrialN': 0, 'thisRepN': 11}>
168.7112 	EXP 	black_screen: autoDraw = False
168.7112 	EXP 	black_screen: autoDraw = False
168.7112 	EXP 	text_cross: autoDraw = False
168.7112 	EXP 	string_prompt_disp: height = 0.17
168.7112 	EXP 	string_prompt_disp: height = 0.17
168.7112 	EXP 	string_prompt_disp: height = 0.17
168.7112 	EXP 	string_prompt_disp: text = 'o g f q y'
168.7112 	EXP 	string_prompt_disp: autoDraw = True
169.1461 	DATA 	Keypress: escape
169.2120 	EXP 	maintrial_sternberg: status = STOPPED
169.2279 	EXP 	string_prompt_disp: autoDraw = False
169.2281 	EXP 	maintrial_sternberg: status = STOPPED
169.2490 	INFO 	saved data to 'C:\\Users\\benlenet\\mstembci\\data/TT-TT-TTTT_maintrial_sternberg_2025-07-03_16h28.12.393.csv'
169.2499 	INFO 	saved data to C:\Users\benlenet\mstembci\data/TT-TT-TTTT_maintrial_sternberg_2025-07-03_16h28.12.393.psydat
